<?xml version="1.0" encoding="utf-8"?><testsuites name="pytest tests"><testsuite name="pytest" errors="1" failures="0" skipped="0" tests="1" time="0.726" timestamp="2026-04-10T20:40:06.673783+03:30" hostname="DESKTOP-3VV8LD2"><testcase classname="tests.test_e2e_playwright_spa_login_to_atlas" name="test_login_navigate_atlas_map_and_start_timer" time="0.316"><error message="failed on setup with &quot;PermissionError: [WinError 5] Access is denied: 'C:\\Users\\Surface Book 2\\Documents\\GitHub\\okr\\.test-artifacts\\pytest-subproc\\pytest-of-Surface Book 2'&quot;">tmp_path_factory = TempPathFactory(_given_basetemp=None, _trace=&lt;pluggy._tracing.TagTracerSub object at 0x000002CE9DCB8640&gt;, _basetemp=None, _retention_count=3, _retention_policy='all')

    @pytest.fixture(scope="module")
    def e2e_stack(tmp_path_factory: pytest.TempPathFactory) -&gt; E2EStack:
        if not _truthy(os.getenv(_RUN_E2E_ENV)):
            pytest.skip(
                f"Playwright SPA e2e is disabled. Set {_RUN_E2E_ENV}=1 to run this test."
            )
    
        pytest.importorskip(
            "playwright.sync_api",
            reason=(
                "Playwright is not installed in this environment. "
                "Install dependencies and run `playwright install chromium`."
            ),
        )
    
        repo_root = Path(__file__).resolve().parents[1]
&gt;       tmp_dir = tmp_path_factory.mktemp("playwright_spa_e2e")
                  ^^^^^^^^^^^^^^^^^^^^^^^^^^^^^^^^^^^^^^^^^^^^^

tests\test_e2e_playwright_spa_login_to_atlas.py:189: 
_ _ _ _ _ _ _ _ _ _ _ _ _ _ _ _ _ _ _ _ _ _ _ _ _ _ _ _ _ _ _ _ _ _ _ _ _ _ _ _
..\..\..\AppData\Roaming\Python\Python313\site-packages\_pytest\tmpdir.py:130: in mktemp
    basename = self._ensure_relative_to_basetemp(basename)
               ^^^^^^^^^^^^^^^^^^^^^^^^^^^^^^^^^^^^^^^^^^^
..\..\..\AppData\Roaming\Python\Python313\site-packages\_pytest\tmpdir.py:111: in _ensure_relative_to_basetemp
    if (self.getbasetemp() / basename).resolve().parent != self.getbasetemp():
        ^^^^^^^^^^^^^^^^^^
..\..\..\AppData\Roaming\Python\Python313\site-packages\_pytest\tmpdir.py:186: in getbasetemp
    basetemp = make_numbered_dir_with_cleanup(
..\..\..\AppData\Roaming\Python\Python313\site-packages\_pytest\pathlib.py:407: in make_numbered_dir_with_cleanup
    raise e
..\..\..\AppData\Roaming\Python\Python313\site-packages\_pytest\pathlib.py:388: in make_numbered_dir_with_cleanup
    p = make_numbered_dir(root, prefix, mode)
        ^^^^^^^^^^^^^^^^^^^^^^^^^^^^^^^^^^^^^
..\..\..\AppData\Roaming\Python\Python313\site-packages\_pytest\pathlib.py:229: in make_numbered_dir
    max_existing = max(map(parse_num, find_suffixes(root, prefix)), default=-1)
                   ^^^^^^^^^^^^^^^^^^^^^^^^^^^^^^^^^^^^^^^^^^^^^^^^^^^^^^^^^^^^
..\..\..\AppData\Roaming\Python\Python313\site-packages\_pytest\pathlib.py:188: in extract_suffixes
    for entry in iter:
                 ^^^^
_ _ _ _ _ _ _ _ _ _ _ _ _ _ _ _ _ _ _ _ _ _ _ _ _ _ _ _ _ _ _ _ _ _ _ _ _ _ _ _

root = WindowsPath('C:/Users/Surface Book 2/Documents/GitHub/okr/.test-artifacts/pytest-subproc/pytest-of-Surface Book 2')
prefix = 'pytest-'

    def find_prefixed(root: Path, prefix: str) -&gt; Iterator[os.DirEntry[str]]:
        """Find all elements in root that begin with the prefix, case-insensitive."""
        l_prefix = prefix.lower()
&gt;       for x in os.scandir(root):
                 ^^^^^^^^^^^^^^^^
E       PermissionError: [WinError 5] Access is denied: 'C:\\Users\\Surface Book 2\\Documents\\GitHub\\okr\\.test-artifacts\\pytest-subproc\\pytest-of-Surface Book 2'

..\..\..\AppData\Roaming\Python\Python313\site-packages\_pytest\pathlib.py:176: PermissionError</error></testcase></testsuite></testsuites>