<?xml version="1.0" encoding="utf-8"?><testsuites name="pytest tests"><testsuite name="pytest" errors="0" failures="0" skipped="1" tests="1" time="18.757" timestamp="2026-07-24T21:32:53.043679+03:30" hostname="DESKTOP-3O8LD4H"><testcase classname="tests.test_e2e_playwright_spa_login_to_atlas" name="test_login_navigate_atlas_map_and_start_timer" time="18.717"><skipped type="pytest.skip" message="Chromium runtime is unavailable for Playwright. Run `playwright install chromium`. Details: BrowserType.launch: Executable doesn't exist at C:\Users\Mirshekari\AppData\Local\ms-playwright\chromium_headless_shell-1200\chrome-headless-shell-win64\chrome-headless-shell.exe&#10;╔════════════════════════════════════════════════════════════╗&#10;║ Looks like Playwright was just installed or updated.       ║&#10;║ Please run the following command to download new browsers: ║&#10;║                                                            ║&#10;║     playwright install                                     ║&#10;║                                                            ║&#10;║ &lt;3 Playwright Team                                         ║&#10;╚════════════════════════════════════════════════════════════╝">C:\Faraatar-TID_Apps\okr\tests\test_e2e_playwright_spa_login_to_atlas.py:337: Chromium runtime is unavailable for Playwright. Run `playwright install chromium`. Details: BrowserType.launch: Executable doesn't exist at C:\Users\Mirshekari\AppData\Local\ms-playwright\chromium_headless_shell-1200\chrome-headless-shell-win64\chrome-headless-shell.exe
╔════════════════════════════════════════════════════════════╗
║ Looks like Playwright was just installed or updated.       ║
║ Please run the following command to download new browsers: ║
║                                                            ║
║     playwright install                                     ║
║                                                            ║
║ &lt;3 Playwright Team                                         ║
╚════════════════════════════════════════════════════════════╝</skipped></testcase></testsuite></testsuites>