<?xml version="1.0" encoding="utf-8"?><testsuites name="pytest tests"><testsuite name="pytest" errors="0" failures="0" skipped="8" tests="928" time="191.648" timestamp="2026-09-02T14:53:25.393248+03:30" hostname="DESKTOP-3O8LD4H"><testcase classname="tests.test_ai_provider" name="test_provider_alias_ollama_maps_to_openai_compatible" time="0.001" /><testcase classname="tests.test_ai_provider" name="test_ai_provider_env_takes_precedence_over_secrets" time="0.001" /><testcase classname="tests.test_ai_provider" name="test_ai_provider_falls_back_to_secrets_when_env_missing" time="0.001" /><testcase classname="tests.test_ai_provider" name="test_generate_json_blocks_disallowed_provider" time="0.001" /><testcase classname="tests.test_ai_provider" name="test_runtime_status_openai_provider_missing_required_fields" time="0.001" /><testcase classname="tests.test_ai_provider" name="test_generate_json_respects_external_ai_policy" time="0.001" /><testcase classname="tests.test_ai_provider" name="test_generate_json_defaults_to_external_ai_disabled" time="0.001" /><testcase classname="tests.test_ai_provider" name="test_generate_json_applies_prompt_governance_and_attaches_metadata" time="0.001" /><testcase classname="tests.test_ai_provider" name="test_generate_json_governance_output_cap_enforced" time="0.001" /><testcase classname="tests.test_ai_provider" name="test_generate_json_openai_compatible_success_path" time="0.001" /><testcase classname="tests.test_ai_provider" name="test_generate_json_openai_compatible_uses_request_timeout" time="0.001" /><testcase classname="tests.test_ai_provider" name="test_generate_json_openai_compatible_http_error" time="0.001" /><testcase classname="tests.test_ai_provider" name="test_get_openai_request_timeout_seconds_defaults" time="0.001" /><testcase classname="tests.test_ai_provider" name="test_run_ai_health_check_disabled" time="0.001" /><testcase classname="tests.test_ai_provider" name="test_run_ai_health_check_not_configured" time="0.001" /><testcase classname="tests.test_ai_provider" name="test_run_ai_health_check_probe_success" time="0.001" /><testcase classname="tests.test_ai_provider" name="test_run_ai_health_check_probe_failure" time="0.001" /><testcase classname="tests.test_alignment_dag" name="test_alignment_cycle_prevention" time="0.741" /><testcase classname="tests.test_alignment_dag" name="test_alignment_neighbors" time="0.742" /><testcase classname="tests.test_api_mode_insert_payloads" name="test_user_create_payload_includes_required_columns" time="0.199" /><testcase classname="tests.test_api_mode_insert_payloads" name="test_team_create_payload_includes_required_columns" time="0.001" /><testcase classname="tests.test_api_mode_insert_payloads" name="test_timer_start_payload_includes_required_columns" time="0.000" /><testcase classname="tests.test_app_cycle_cache_snapshot" name="test_cached_cycles_are_plain_snapshots" time="0.420" /><testcase classname="tests.test_app_cycle_cache_snapshot" name="test_cycle_selector_payload_is_id_based_with_stable_labels" time="0.000" /><testcase classname="tests.test_app_cycle_cache_snapshot" name="test_bootstrap_default_cycle_non_admin_does_not_create" time="0.000" /><testcase classname="tests.test_app_cycle_cache_snapshot" name="test_bootstrap_default_cycle_admin_permission_error" time="0.000" /><testcase classname="tests.test_app_cycle_cache_snapshot" name="test_bootstrap_default_cycle_admin_success_clears_cache" time="0.001" /><testcase classname="tests.test_app_rerun_cache_performance" name="test_app_shell_runtime_cache_hit_zero_queries" time="0.776" /><testcase classname="tests.test_app_rerun_cache_performance" name="test_weekly_plan_cache_bucket_is_week_stable" time="0.000" /><testcase classname="tests.test_app_rerun_cache_performance" name="test_app_serializers_handle_missing_objects" time="0.000" /><testcase classname="tests.test_async_jobs" name="test_enqueue_and_get_job" time="0.453" /><testcase classname="tests.test_async_jobs" name="test_enqueue_job_clamps_max_attempts_to_hard_cap" time="0.626" /><testcase classname="tests.test_async_jobs" name="test_claim_and_fail_requeues_until_max_attempts" time="0.504" /><testcase classname="tests.test_async_jobs" name="test_mark_job_failed_terminal_does_not_requeue" time="0.505" /><testcase classname="tests.test_async_jobs" name="test_cancel_pending_job_marks_cancelled" time="0.505" /><testcase classname="tests.test_async_jobs" name="test_enqueue_job_with_same_idempotency_key_reuses_existing_job" time="0.516" /><testcase classname="tests.test_async_jobs" name="test_enqueue_job_captures_actor_team_id_when_available" time="0.499" /><testcase classname="tests.test_async_jobs" name="test_prune_terminal_jobs_removes_old_finished_rows" time="0.542" /><testcase classname="tests.test_async_jobs" name="test_async_job_prune_index_exists" time="0.510" /><testcase classname="tests.test_async_jobs" name="test_prune_audit_events_removes_old_rows" time="0.547" /><testcase classname="tests.test_audit_observability" name="test_audit_log_includes_observability_fields" time="0.005" /><testcase classname="tests.test_audit_observability" name="test_error_log_includes_observability_context" time="0.001" /><testcase classname="tests.test_audit_observability" name="test_audit_log_persists_event_to_database" time="0.671" /><testcase classname="tests.test_audit_queries" name="test_audit_query_helpers_filter_by_actor_role_team_and_target_type" time="1.060" /><testcase classname="tests.test_audit_summary" name="test_summarize_audit_events_groups_by_actor_role_team_and_target" time="0.433" /><testcase classname="tests.test_auth_rate_limit" name="test_user_lockout_applies_after_threshold" time="1.524" /><testcase classname="tests.test_auth_rate_limit" name="test_ip_lockout_blocks_other_accounts_for_same_ip" time="1.732" /><testcase classname="tests.test_auth_rate_limit" name="test_successful_login_clears_user_and_ip_throttle_state" time="1.255" /><testcase classname="tests.test_auth_rate_limit" name="test_lockout_expires_after_configured_duration" time="7.121" /><testcase classname="tests.test_auth_rate_limit" name="test_authentication_falls_back_when_throttle_table_missing" time="0.649" /><testcase classname="tests.test_auth_rate_limit" name="test_authentication_falls_back_on_generic_throttle_operational_error" time="0.624" /><testcase classname="tests.test_auth_rate_limit" name="test_authentication_fails_closed_on_throttle_operational_error_in_production" time="0.619" /><testcase classname="tests.test_auth_rate_limit" name="test_production_ignores_fail_open_override_for_auth_throttle_errors" time="0.632" /><testcase classname="tests.test_auth_rate_limit" name="test_successful_login_query_budget_after_throttle_reset" time="1.410" /><testcase classname="tests.test_backend_client_signing" name="test_backend_client_adds_signing_headers_when_secret_configured" time="0.001" /><testcase classname="tests.test_backend_config_validation" name="test_production_validation_fails_for_missing_service_token" time="0.001" /><testcase classname="tests.test_backend_config_validation" name="test_production_validation_fails_for_placeholder_signing_secret" time="0.001" /><testcase classname="tests.test_backend_config_validation" name="test_production_validation_fails_for_insecure_security_state_backend" time="0.001" /><testcase classname="tests.test_backend_config_validation" name="test_production_validation_fails_when_request_signing_disabled" time="0.001" /><testcase classname="tests.test_backend_config_validation" name="test_production_validation_rejects_short_service_token" time="0.001" /><testcase classname="tests.test_backend_config_validation" name="test_production_validation_fails_for_missing_database_url" time="0.001" /><testcase classname="tests.test_backend_config_validation" name="test_production_validation_passes_with_valid_settings" time="0.000" /><testcase classname="tests.test_backend_config_validation" name="test_production_validation_uses_node_env_alias" time="0.001" /><testcase classname="tests.test_backend_error_envelope" name="test_backend_error_envelope_for_missing_route_includes_request_ids" time="0.011" /><testcase classname="tests.test_backend_error_envelope" name="test_backend_request_validation_error_envelope" time="0.004" /><testcase classname="tests.test_backend_error_envelope" name="test_backend_generic_exception_error_envelope" time="0.006" /><testcase classname="tests.test_backend_job_limits" name="test_job_limits_allow_submission_when_under_threshold" time="0.000" /><testcase classname="tests.test_backend_job_limits" name="test_job_limits_reject_user_rate_limit" time="0.000" /><testcase classname="tests.test_backend_job_limits" name="test_job_limits_reject_team_daily_quota" time="0.000" /><testcase classname="tests.test_backend_job_limits" name="test_job_limits_bypass_when_idempotency_key_already_exists" time="0.000" /><testcase classname="tests.test_backend_job_limits" name="test_job_limits_reject_user_pending_backlog" time="0.000" /><testcase classname="tests.test_backend_job_limits" name="test_job_limits_reject_actor_backoff" time="0.000" /><testcase classname="tests.test_backend_mutation_api" name="test_router_contracts_for_mutation_endpoints_stay_stable" time="0.006" /><testcase classname="tests.test_backend_mutation_api" name="test_router_modules_expose_registration_functions" time="0.000" /><testcase classname="tests.test_backend_mutation_api" name="test_backend_startup_bootstraps_admin_user" time="0.005" /><testcase classname="tests.test_backend_mutation_api" name="test_create_goal_endpoint_normalizes_tag_list" time="0.005" /><testcase classname="tests.test_backend_mutation_api" name="test_update_task_endpoint_coerces_enum_and_datetime" time="0.004" /><testcase classname="tests.test_backend_mutation_api" name="test_update_node_endpoint_rejects_mismatched_header_and_payload_actor" time="0.004" /><testcase classname="tests.test_backend_mutation_api" name="test_update_node_endpoint_returns_403_for_permission_error" time="0.004" /><testcase classname="tests.test_backend_mutation_api" name="test_create_task_endpoint_rejects_mismatched_header_and_payload_actor" time="0.004" /><testcase classname="tests.test_backend_mutation_api" name="test_create_node_endpoints_reject_mismatched_header_and_payload_actor[/v1/nodes/goal-create_goal-payload0-GOAL]" time="0.004" /><testcase classname="tests.test_backend_mutation_api" name="test_create_node_endpoints_reject_mismatched_header_and_payload_actor[/v1/nodes/objective-create_objective-payload1-OBJECTIVE]" time="0.004" /><testcase classname="tests.test_backend_mutation_api" name="test_create_node_endpoints_reject_mismatched_header_and_payload_actor[/v1/nodes/key_result-create_key_result-payload2-KEY_RESULT]" time="0.004" /><testcase classname="tests.test_backend_mutation_api" name="test_create_node_endpoints_reject_mismatched_header_and_payload_actor[/v1/nodes/task-create_task-payload3-TASK]" time="0.004" /><testcase classname="tests.test_backend_mutation_api" name="test_update_node_endpoints_reject_mismatched_header_and_payload_actor_for_all_types[/v1/nodes/goal/88-update_goal-GOAL]" time="0.007" /><testcase classname="tests.test_backend_mutation_api" name="test_update_node_endpoints_reject_mismatched_header_and_payload_actor_for_all_types[/v1/nodes/objective/88-update_objective-OBJECTIVE]" time="0.004" /><testcase classname="tests.test_backend_mutation_api" name="test_update_node_endpoints_reject_mismatched_header_and_payload_actor_for_all_types[/v1/nodes/key_result/88-update_key_result-KEY_RESULT]" time="0.004" /><testcase classname="tests.test_backend_mutation_api" name="test_update_node_endpoints_reject_mismatched_header_and_payload_actor_for_all_types[/v1/nodes/task/88-update_task-TASK]" time="0.004" /><testcase classname="tests.test_backend_mutation_api" name="test_delete_node_endpoints_succeed_for_all_types[/v1/nodes/goal/91-delete_goal-GOAL]" time="0.003" /><testcase classname="tests.test_backend_mutation_api" name="test_delete_node_endpoints_succeed_for_all_types[/v1/nodes/objective/91-delete_objective-OBJECTIVE]" time="0.004" /><testcase classname="tests.test_backend_mutation_api" name="test_delete_node_endpoints_succeed_for_all_types[/v1/nodes/key_result/91-delete_key_result-KEY_RESULT]" time="0.003" /><testcase classname="tests.test_backend_mutation_api" name="test_delete_node_endpoints_succeed_for_all_types[/v1/nodes/task/91-delete_task-TASK]" time="0.003" /><testcase classname="tests.test_backend_mutation_api" name="test_delete_node_endpoint_returns_403_for_permission_error[/v1/nodes/goal/91-delete_goal]" time="0.004" /><testcase classname="tests.test_backend_mutation_api" name="test_delete_node_endpoint_returns_403_for_permission_error[/v1/nodes/objective/91-delete_objective]" time="0.003" /><testcase classname="tests.test_backend_mutation_api" name="test_delete_node_endpoint_returns_403_for_permission_error[/v1/nodes/key_result/91-delete_key_result]" time="0.003" /><testcase classname="tests.test_backend_mutation_api" name="test_delete_node_endpoint_returns_403_for_permission_error[/v1/nodes/task/91-delete_task]" time="0.003" /><testcase classname="tests.test_backend_mutation_api" name="test_delete_node_endpoint_returns_404_when_missing[/v1/nodes/goal/999-delete_goal]" time="0.003" /><testcase classname="tests.test_backend_mutation_api" name="test_delete_node_endpoint_returns_404_when_missing[/v1/nodes/objective/999-delete_objective]" time="0.003" /><testcase classname="tests.test_backend_mutation_api" name="test_delete_node_endpoint_returns_404_when_missing[/v1/nodes/key_result/999-delete_key_result]" time="0.004" /><testcase classname="tests.test_backend_mutation_api" name="test_delete_node_endpoint_returns_404_when_missing[/v1/nodes/task/999-delete_task]" time="0.004" /><testcase classname="tests.test_backend_mutation_api" name="test_start_timer_endpoint_rejects_mismatched_header_and_payload_actor" time="0.004" /><testcase classname="tests.test_backend_mutation_api" name="test_start_timer_endpoint_returns_403_for_permission_error" time="0.004" /><testcase classname="tests.test_backend_mutation_api" name="test_stop_timer_endpoint_rejects_mismatched_header_and_payload_actor" time="0.003" /><testcase classname="tests.test_backend_mutation_api" name="test_stop_timer_endpoint_returns_403_for_permission_error" time="0.003" /><testcase classname="tests.test_backend_mutation_api" name="test_stop_timer_endpoint_returns_404_when_no_active_timer" time="0.004" /><testcase classname="tests.test_backend_mutation_api" name="test_submit_job_endpoint_returns_429_when_quota_exceeded" time="0.005" /><testcase classname="tests.test_backend_mutation_api" name="test_submit_job_endpoint_returns_429_with_retry_metadata" time="0.005" /><testcase classname="tests.test_backend_mutation_api" name="test_submit_job_endpoint_audits_rejected_submission" time="0.004" /><testcase classname="tests.test_backend_mutation_api" name="test_job_endpoints_fail_closed_in_supabase_api_mode" time="0.004" /><testcase classname="tests.test_backend_mutation_api" name="test_weekly_plan_supabase_mode_enforces_target_user_scope" time="0.004" /><testcase classname="tests.test_backend_mutation_api" name="test_submit_job_endpoint_forwards_idempotency_key" time="0.005" /><testcase classname="tests.test_backend_mutation_api" name="test_submit_job_endpoint_audits_accepted_submission" time="0.004" /><testcase classname="tests.test_backend_mutation_api" name="test_create_user_endpoint_parses_role_and_team" time="0.004" /><testcase classname="tests.test_backend_mutation_api" name="test_create_user_endpoint_rejects_weak_password_when_strict_policy_enabled" time="0.003" /><testcase classname="tests.test_backend_mutation_api" name="test_create_check_in_endpoint_coerces_variation_enum" time="0.004" /><testcase classname="tests.test_backend_mutation_api" name="test_create_check_in_endpoint_rejects_low_confidence_without_comment" time="0.003" /><testcase classname="tests.test_backend_mutation_api" name="test_create_check_in_endpoint_rejects_special_cause_without_note" time="0.003" /><testcase classname="tests.test_backend_mutation_api" name="test_delete_alignment_endpoint_returns_404_when_missing" time="0.003" /><testcase classname="tests.test_backend_mutation_api" name="test_read_atlas_snapshot_endpoint_scopes_owner_ids_for_non_admin" time="0.009" /><testcase classname="tests.test_backend_mutation_api" name="test_read_atlas_snapshot_uses_session_actor_for_scope" time="0.008" /><testcase classname="tests.test_backend_mutation_api" name="test_read_atlas_snapshot_admin_without_owner_filter_reads_manager_cycle" time="0.007" /><testcase classname="tests.test_backend_mutation_api" name="test_read_atlas_snapshot_rejects_mismatched_header_and_payload_actor" time="0.006" /><testcase classname="tests.test_backend_mutation_api" name="test_read_atlas_snapshot_rejects_unauthorized_actor" time="0.004" /><testcase classname="tests.test_backend_mutation_api" name="test_read_leadership_metrics_endpoint_scopes_usernames_for_non_admin" time="0.004" /><testcase classname="tests.test_backend_mutation_api" name="test_read_query_audit_summary_requires_admin_and_forwards_filters" time="0.004" /><testcase classname="tests.test_backend_mutation_api" name="test_read_query_audit_summary_blocks_non_admin" time="0.004" /><testcase classname="tests.test_backend_mutation_api" name="test_read_query_mindmap_task_uses_detached_safe_serializer" time="0.003" /><testcase classname="tests.test_backend_mutation_api" name="test_read_query_mindmap_key_result_uses_detached_safe_serializer" time="0.004" /><testcase classname="tests.test_backend_mutation_api" name="test_ai_analyze_node_endpoint_rejects_mismatched_header_and_payload_actor" time="0.004" /><testcase classname="tests.test_backend_mutation_api" name="test_ai_analyze_node_endpoint_writes_audit_event_on_success" time="0.003" /><testcase classname="tests.test_backend_mutation_api" name="test_ai_analyze_node_endpoint_writes_audit_event_on_failure" time="0.003" /><testcase classname="tests.test_backend_mutation_api" name="test_ai_analyze_node_endpoint_maps_error_responses_to_http_status[Node 42 (OBJECTIVE) not found-404]" time="0.011" /><testcase classname="tests.test_backend_mutation_api" name="test_ai_analyze_node_endpoint_maps_error_responses_to_http_status[Actor is not authorized.-403]" time="0.008" /><testcase classname="tests.test_backend_mutation_api" name="test_ai_analyze_node_endpoint_maps_error_responses_to_http_status[Permission denied for this node.-403]" time="0.007" /><testcase classname="tests.test_backend_mutation_api" name="test_ai_analyze_node_endpoint_maps_error_responses_to_http_status[Invalid request payload.-400]" time="0.007" /><testcase classname="tests.test_backend_mutation_api" name="test_ai_analyze_node_endpoint_rejects_invalid_payload" time="0.008" /><testcase classname="tests.test_backend_mutation_api" name="test_ai_team_coach_endpoint_rejects_mismatched_header_and_payload_actor" time="0.004" /><testcase classname="tests.test_backend_mutation_api" name="test_ai_team_coach_endpoint_rejects_unauthorized_actor" time="0.004" /><testcase classname="tests.test_backend_mutation_api" name="test_ai_team_coach_endpoint_maps_error_to_bad_request" time="0.004" /><testcase classname="tests.test_backend_mutation_api" name="test_ai_team_coach_endpoint_rejects_invalid_payload" time="0.003" /><testcase classname="tests.test_backend_mutation_api" name="test_ai_strategy_pulse_endpoint_rejects_mismatched_header_and_payload_actor" time="0.004" /><testcase classname="tests.test_backend_mutation_api" name="test_ai_strategy_pulse_endpoint_rejects_subject_outside_scope" time="0.004" /><testcase classname="tests.test_backend_mutation_api" name="test_ai_strategy_pulse_endpoint_returns_404_when_user_missing" time="0.004" /><testcase classname="tests.test_backend_mutation_api" name="test_ai_strategy_pulse_endpoint_maps_outlook_error_to_bad_request" time="0.003" /><testcase classname="tests.test_backend_mutation_api" name="test_ai_strategy_pulse_endpoint_rejects_invalid_outlook_payload" time="0.004" /><testcase classname="tests.test_backend_mutation_api" name="test_read_query_cycles_all_returns_primary_active_cycle_for_member" time="0.004" /><testcase classname="tests.test_backend_mutation_api" name="test_member_snapshot_rejects_non_active_cycle_override" time="0.004" /><testcase classname="tests.test_backend_mutation_api" name="test_update_node_rejects_unknown_fields[/v1/nodes/goal/1-update_goal]" time="0.004" /><testcase classname="tests.test_backend_mutation_api" name="test_update_node_rejects_unknown_fields[/v1/nodes/objective/1-update_objective]" time="0.004" /><testcase classname="tests.test_backend_mutation_api" name="test_update_node_rejects_unknown_fields[/v1/nodes/key_result/1-update_key_result]" time="0.004" /><testcase classname="tests.test_backend_mutation_api" name="test_update_node_rejects_unknown_fields[/v1/nodes/task/1-update_task]" time="0.004" /><testcase classname="tests.test_backend_mutation_api" name="test_update_node_rejects_oversized_title[/v1/nodes/goal/1-update_goal]" time="0.004" /><testcase classname="tests.test_backend_mutation_api" name="test_update_node_rejects_oversized_title[/v1/nodes/objective/1-update_objective]" time="0.004" /><testcase classname="tests.test_backend_mutation_api" name="test_update_node_rejects_oversized_title[/v1/nodes/key_result/1-update_key_result]" time="0.007" /><testcase classname="tests.test_backend_mutation_api" name="test_update_node_rejects_negative_progress[/v1/nodes/goal/1-update_goal]" time="0.005" /><testcase classname="tests.test_backend_mutation_api" name="test_update_node_rejects_negative_progress[/v1/nodes/objective/1-update_objective]" time="0.005" /><testcase classname="tests.test_backend_mutation_api" name="test_update_node_rejects_negative_progress[/v1/nodes/key_result/1-update_key_result]" time="0.004" /><testcase classname="tests.test_backend_mutation_api" name="test_update_node_rejects_progress_over_100[/v1/nodes/goal/1-update_goal]" time="0.004" /><testcase classname="tests.test_backend_mutation_api" name="test_update_node_rejects_progress_over_100[/v1/nodes/objective/1-update_objective]" time="0.004" /><testcase classname="tests.test_backend_mutation_api" name="test_update_node_rejects_progress_over_100[/v1/nodes/key_result/1-update_key_result]" time="0.004" /><testcase classname="tests.test_backend_mutation_api" name="test_update_task_allows_progress_over_100" time="0.004" /><testcase classname="tests.test_backend_mutation_api" name="test_update_node_accepts_valid_partial_update" time="0.003" /><testcase classname="tests.test_backend_mutation_api" name="test_update_node_rejects_nested_objects_for_string_fields" time="0.003" /><testcase classname="tests.test_backend_mutation_api" name="test_update_node_rejects_oversized_description" time="0.005" /><testcase classname="tests.test_backend_mutation_api" name="test_update_key_result_rejects_negative_weight" time="0.004" /><testcase classname="tests.test_backend_mutation_api" name="test_update_node_rejects_invalid_cycle_id" time="0.004" /><testcase classname="tests.test_backend_mutation_api" name="test_update_experiment_rejects_unknown_fields" time="0.004" /><testcase classname="tests.test_backend_mutation_api" name="test_update_experiment_rejects_oversized_hypothesis" time="0.004" /><testcase classname="tests.test_backend_mutation_api" name="test_update_experiment_accepts_valid_partial_update" time="0.004" /><testcase classname="tests.test_backend_mutation_api" name="test_update_experiment_rejects_empty_hypothesis" time="0.004" /><testcase classname="tests.test_backend_mutation_api" name="test_create_goal_idempotency_replays_cached_response" time="0.007" /><testcase classname="tests.test_backend_mutation_api" name="test_create_goal_idempotency_rejects_different_payload" time="0.007" /><testcase classname="tests.test_backend_mutation_api" name="test_create_goal_no_idempotency_key_proceeds_normally" time="0.006" /><testcase classname="tests.test_backend_mutation_api" name="test_create_objective_idempotency_replays" time="0.007" /><testcase classname="tests.test_backend_mutation_api" name="test_create_key_result_idempotency_replays" time="0.006" /><testcase classname="tests.test_backend_mutation_api" name="test_create_task_idempotency_replays" time="0.007" /><testcase classname="tests.test_backend_mutation_api" name="test_atomic_reserve_load_store_roundtrip" time="0.000" /><testcase classname="tests.test_backend_mutation_api" name="test_stop_timer_idempotent_when_already_stopped" time="0.006" /><testcase classname="tests.test_backend_mutation_api" name="test_start_timer_idempotent_when_already_running" time="0.006" /><testcase classname="tests.test_backend_mutation_api" name="test_get_current_user_returns_user_data" time="0.003" /><testcase classname="tests.test_backend_mutation_api" name="test_get_current_user_returns_401_without_actor" time="0.004" /><testcase classname="tests.test_backend_mutation_api" name="test_get_current_user_returns_401_when_token_version_stale" time="0.003" /><testcase classname="tests.test_backend_mutation_api" name="test_read_query_rejects_unknown_kind" time="0.004" /><testcase classname="tests.test_backend_mutation_api" name="test_read_query_accepts_known_kind" time="0.004" /><testcase classname="tests.test_backend_mutation_api" name="test_atlas_snapshot_rejects_oversized_owner_ids" time="0.003" /><testcase classname="tests.test_backend_mutation_api" name="test_leadership_metrics_rejects_oversized_usernames" time="0.003" /><testcase classname="tests.test_backend_mutation_api" name="test_db_restore_rejects_disabled_config" time="0.003" /><testcase classname="tests.test_backend_mutation_api" name="test_db_restore_rejects_oversized_content_length" time="0.003" /><testcase classname="tests.test_backend_mutation_api" name="test_resolve_actor_rejects_header_payload_mismatch" time="0.000" /><testcase classname="tests.test_backend_mutation_api" name="test_resolve_actor_accepts_matching_header_payload" time="0.000" /><testcase classname="tests.test_backend_mutation_api" name="test_resolve_actor_accepts_header_only" time="0.000" /><testcase classname="tests.test_backend_mutation_api" name="test_resolve_actor_accepts_payload_only" time="0.000" /><testcase classname="tests.test_backend_mutation_auth_matrix" name="test_mutation_route_matrix_covers_all_v1_mutation_routes" time="0.000" /><testcase classname="tests.test_backend_mutation_auth_matrix" name="test_mutation_routes_are_in_bff_allowlist" time="0.001" /><testcase classname="tests.test_backend_mutation_auth_matrix" name="test_mutation_endpoints_reject_non_admin_member[POST-/v1/cycles-payload0-service_fns0]" time="0.005" /><testcase classname="tests.test_backend_mutation_auth_matrix" name="test_mutation_endpoints_reject_non_admin_member[PATCH-/v1/cycles/11-payload1-service_fns1]" time="0.005" /><testcase classname="tests.test_backend_mutation_auth_matrix" name="test_mutation_endpoints_reject_non_admin_member[DELETE-/v1/cycles/11-None-service_fns2]" time="0.004" /><testcase classname="tests.test_backend_mutation_auth_matrix" name="test_mutation_endpoints_reject_non_admin_member[POST-/v1/teams-payload3-service_fns3]" time="0.004" /><testcase classname="tests.test_backend_mutation_auth_matrix" name="test_mutation_endpoints_reject_non_admin_member[PATCH-/v1/teams/11-payload4-service_fns4]" time="0.004" /><testcase classname="tests.test_backend_mutation_auth_matrix" name="test_mutation_endpoints_reject_non_admin_member[DELETE-/v1/teams/11-None-service_fns5]" time="0.004" /><testcase classname="tests.test_backend_mutation_auth_matrix" name="test_mutation_endpoints_reject_non_admin_member[PATCH-/v1/users/11-payload6-service_fns6]" time="0.004" /><testcase classname="tests.test_backend_mutation_auth_matrix" name="test_mutation_endpoints_reject_non_admin_member[POST-/v1/users-payload7-service_fns7]" time="0.004" /><testcase classname="tests.test_backend_mutation_auth_matrix" name="test_mutation_endpoints_reject_non_admin_member[POST-/v1/users/11/reset-password-payload8-service_fns8]" time="0.004" /><testcase classname="tests.test_backend_mutation_auth_matrix" name="test_mutation_endpoints_reject_non_admin_member[POST-/v1/check-ins-payload9-service_fns9]" time="0.004" /><testcase classname="tests.test_backend_mutation_auth_matrix" name="test_mutation_endpoints_reject_non_admin_member[POST-/v1/experiments-payload10-service_fns10]" time="0.005" /><testcase classname="tests.test_backend_mutation_auth_matrix" name="test_mutation_endpoints_reject_non_admin_member[PATCH-/v1/experiments/11-payload11-service_fns11]" time="0.006" /><testcase classname="tests.test_backend_mutation_auth_matrix" name="test_mutation_endpoints_reject_non_admin_member[POST-/v1/experiments/11/close-payload12-service_fns12]" time="0.005" /><testcase classname="tests.test_backend_mutation_auth_matrix" name="test_mutation_endpoints_reject_non_admin_member[POST-/v1/retrospectives-payload13-service_fns13]" time="0.004" /><testcase classname="tests.test_backend_mutation_auth_matrix" name="test_mutation_endpoints_reject_non_admin_member[PUT-/v1/retrospectives/11/experiment-outcomes-payload14-service_fns14]" time="0.004" /><testcase classname="tests.test_backend_mutation_auth_matrix" name="test_mutation_endpoints_reject_non_admin_member[POST-/v1/weekly-plans-payload15-service_fns15]" time="0.004" /><testcase classname="tests.test_backend_mutation_auth_matrix" name="test_mutation_endpoints_reject_non_admin_member[POST-/v1/alignments-payload16-service_fns16]" time="0.004" /><testcase classname="tests.test_backend_mutation_auth_matrix" name="test_mutation_endpoints_reject_non_admin_member[DELETE-/v1/alignments/11-None-service_fns17]" time="0.004" /><testcase classname="tests.test_backend_mutation_auth_matrix" name="test_mutation_endpoints_reject_non_admin_member[POST-/v1/objective-alignment-links-payload18-service_fns18]" time="0.004" /><testcase classname="tests.test_backend_mutation_auth_matrix" name="test_mutation_endpoints_reject_non_admin_member[DELETE-/v1/objective-alignment-links/11-None-service_fns19]" time="0.003" /><testcase classname="tests.test_backend_mutation_auth_matrix" name="test_mutation_endpoints_reject_non_admin_member[DELETE-/v1/work-logs/11-None-service_fns20]" time="0.004" /><testcase classname="tests.test_backend_mutation_auth_matrix" name="test_mutation_endpoints_reject_non_admin_member[POST-/v1/nodes/goal-payload21-service_fns21]" time="0.004" /><testcase classname="tests.test_backend_mutation_auth_matrix" name="test_mutation_endpoints_reject_non_admin_member[POST-/v1/nodes/objective-payload22-service_fns22]" time="0.005" /><testcase classname="tests.test_backend_mutation_auth_matrix" name="test_mutation_endpoints_reject_non_admin_member[POST-/v1/nodes/key_result-payload23-service_fns23]" time="0.004" /><testcase classname="tests.test_backend_mutation_auth_matrix" name="test_mutation_endpoints_reject_non_admin_member[POST-/v1/nodes/task-payload24-service_fns24]" time="0.004" /><testcase classname="tests.test_backend_mutation_auth_matrix" name="test_mutation_endpoints_reject_non_admin_member[PATCH-/v1/nodes/goal/11-payload25-service_fns25]" time="0.004" /><testcase classname="tests.test_backend_mutation_auth_matrix" name="test_mutation_endpoints_reject_non_admin_member[PATCH-/v1/nodes/objective/11-payload26-service_fns26]" time="0.004" /><testcase classname="tests.test_backend_mutation_auth_matrix" name="test_mutation_endpoints_reject_non_admin_member[PATCH-/v1/nodes/key_result/11-payload27-service_fns27]" time="0.004" /><testcase classname="tests.test_backend_mutation_auth_matrix" name="test_mutation_endpoints_reject_non_admin_member[PATCH-/v1/nodes/task/11-payload28-service_fns28]" time="0.004" /><testcase classname="tests.test_backend_mutation_auth_matrix" name="test_mutation_endpoints_reject_non_admin_member[DELETE-/v1/nodes/goal/11-None-service_fns29]" time="0.004" /><testcase classname="tests.test_backend_mutation_auth_matrix" name="test_mutation_endpoints_reject_non_admin_member[DELETE-/v1/nodes/objective/11-None-service_fns30]" time="0.004" /><testcase classname="tests.test_backend_mutation_auth_matrix" name="test_mutation_endpoints_reject_non_admin_member[DELETE-/v1/nodes/key_result/11-None-service_fns31]" time="0.003" /><testcase classname="tests.test_backend_mutation_auth_matrix" name="test_mutation_endpoints_reject_non_admin_member[DELETE-/v1/nodes/task/11-None-service_fns32]" time="0.003" /><testcase classname="tests.test_backend_mutation_auth_matrix" name="test_ai_endpoints_reject_actor_payload_mismatch[/v1/ai/analyze-node-payload0]" time="0.005" /><testcase classname="tests.test_backend_mutation_auth_matrix" name="test_ai_endpoints_reject_actor_payload_mismatch[/v1/ai/team-coach-payload1]" time="0.004" /><testcase classname="tests.test_backend_mutation_auth_matrix" name="test_ai_endpoints_reject_actor_payload_mismatch[/v1/ai/strategy-pulse-payload2]" time="0.004" /><testcase classname="tests.test_backend_mutation_auth_matrix" name="test_jobs_submit_rejects_actor_payload_mismatch" time="0.003" /><testcase classname="tests.test_backend_mutation_auth_matrix" name="test_jobs_cancel_rejects_non_owner_member" time="0.003" /><testcase classname="tests.test_backend_mutation_auth_matrix" name="test_jobs_delete_rejects_non_owner_member" time="0.003" /><testcase classname="tests.test_backend_mutation_auth_matrix" name="test_timer_start_rejects_actor_payload_mismatch" time="0.004" /><testcase classname="tests.test_backend_mutation_auth_matrix" name="test_timer_stop_rejects_actor_payload_mismatch" time="0.004" /><testcase classname="tests.test_backend_mutation_auth_matrix" name="test_admin_db_restore_rejects_non_admin_member" time="0.003" /><testcase classname="tests.test_backend_mutation_auth_matrix" name="test_app_state_set_rejects_non_admin_member" time="0.003" /><testcase classname="tests.test_backend_observability" name="test_backend_generates_observability_headers" time="0.004" /><testcase classname="tests.test_backend_observability" name="test_backend_echoes_supplied_observability_headers" time="0.004" /><testcase classname="tests.test_backend_observability" name="test_backend_read_exposes_safe_server_timing_header" time="0.003" /><testcase classname="tests.test_backend_observability" name="test_backend_read_exposes_framework_lifecycle_timing" time="0.003" /><testcase classname="tests.test_backend_observability" name="test_backend_admin_observability_metrics_requires_admin_gate" time="0.004" /><testcase classname="tests.test_backend_observability" name="test_backend_admin_observability_metrics_endpoint" time="0.012" /><testcase classname="tests.test_backend_observability" name="test_backend_request_log_events_are_structured" time="0.003" /><testcase classname="tests.test_backend_observability" name="test_supabase_read_timing_exposes_scope_and_handler_phases" time="0.000" /><testcase classname="tests.test_backend_private_ingress_enforcement" name="test_direct_backend_timer_start_without_service_token_is_rejected" time="0.004" /><testcase classname="tests.test_backend_private_ingress_enforcement" name="test_direct_backend_timer_start_with_invalid_service_token_is_rejected" time="0.003" /><testcase classname="tests.test_backend_private_ingress_enforcement" name="test_internal_backend_timer_start_with_service_token_is_accepted" time="0.005" /><testcase classname="tests.test_backend_private_ingress_enforcement" name="test_direct_unsigned_backend_call_is_rejected_when_signing_enabled" time="0.004" /><testcase classname="tests.test_backend_request_signing" name="test_signed_request_is_accepted" time="0.005" /><testcase classname="tests.test_backend_request_signing" name="test_replay_nonce_is_rejected" time="0.007" /><testcase classname="tests.test_backend_request_signing" name="test_missing_signature_headers_are_rejected" time="0.003" /><testcase classname="tests.test_backend_request_signing" name="test_production_requires_distributed_security_state_backend" time="0.005" /><testcase classname="tests.test_backend_runtime_preflight" name="test_backend_boot_fails_when_runtime_preflight_rejects_saas_mode" time="0.001" /><testcase classname="tests.test_backend_security_state" name="test_database_nonce_replay_guard_rejects_replay" time="0.036" /><testcase classname="tests.test_backend_security_state" name="test_database_rate_limit_enforces_fixed_window" time="0.044" /><testcase classname="tests.test_backend_security_state" name="test_database_backend_avoids_sqlite_datetime_adapter_deprecation_warning" time="0.046" /><testcase classname="tests.test_backend_security_state" name="test_development_falls_back_to_memory_when_database_backend_unavailable" time="0.001" /><testcase classname="tests.test_backend_security_state" name="test_production_fails_closed_when_database_backend_unavailable" time="0.001" /><testcase classname="tests.test_backend_security_state" name="test_redis_nonce_and_rate_limit" time="0.001" /><testcase classname="tests.test_backend_security_state" name="test_development_falls_back_to_memory_when_redis_backend_unavailable" time="0.001" /><testcase classname="tests.test_backend_security_state" name="test_production_fails_closed_when_redis_backend_unavailable" time="0.001" /><testcase classname="tests.test_backend_security_state" name="test_database_security_state_uses_bounded_pool_by_default" time="0.011" /><testcase classname="tests.test_backend_security_state" name="test_database_security_state_allows_opt_in_queue_pool" time="0.001" /><testcase classname="tests.test_backend_security_state" name="test_database_security_state_pool_bounds_checks" time="0.001" /><testcase classname="tests.test_bff_allowlist_generation" name="test_bff_policy_routes_exist_in_openapi_and_preserve_exclusions" time="0.003" /><testcase classname="tests.test_bff_allowlist_generation" name="test_generated_allowlist_is_current_and_deterministic" time="0.002" /><testcase classname="tests.test_bff_import_boundaries" name="test_bff_rejects_cross_service_and_runtime_imports" time="0.005" /><testcase classname="tests.test_bff_import_boundaries" name="test_bff_allows_local_and_declared_transport_imports" time="0.005" /><testcase classname="tests.test_bff_import_boundaries" name="test_bff_manifest_rejects_cross_boundary_runtime_dependencies" time="0.003" /><testcase classname="tests.test_bff_import_boundaries" name="test_bff_manifest_allows_transport_and_development_dependencies" time="0.007" /><testcase classname="tests.test_cache_utils" name="test_clear_cache_safe_broadcasts" time="0.000" /><testcase classname="tests.test_cache_utils" name="test_check_distributed_cache_staleness_detects_signal_change" time="0.000" /><testcase classname="tests.test_check_deploy_config_script" name="test_template_mode_accepts_examples_with_secure_defaults" time="0.177" /><testcase classname="tests.test_check_deploy_config_script" name="test_template_mode_fails_when_required_key_is_missing" time="0.182" /><testcase classname="tests.test_check_deploy_config_script" name="test_runtime_mode_rejects_placeholder_values" time="0.198" /><testcase classname="tests.test_check_deploy_config_script" name="test_runtime_mode_passes_with_non_placeholder_values" time="0.223" /><testcase classname="tests.test_check_deploy_config_script" name="test_runtime_mode_rejects_redis_backend_without_redis_url" time="0.301" /><testcase classname="tests.test_check_deploy_config_script" name="test_runtime_mode_accepts_redis_backend_with_valid_redis_url" time="0.276" /><testcase classname="tests.test_check_deploy_config_script" name="test_runtime_mode_accepts_chromium_without_pdfshift_key" time="0.281" /><testcase classname="tests.test_check_deploy_config_script" name="test_template_mode_rejects_disabled_request_signing" time="0.262" /><testcase classname="tests.test_check_deploy_config_script" name="test_template_mode_rejects_unsecure_bff_cookie" time="0.254" /><testcase classname="tests.test_check_deploy_config_script" name="test_template_mode_rejects_disabled_backend_read_proxy" time="0.252" /><testcase classname="tests.test_check_deploy_config_script" name="test_runtime_mode_rejects_non_loopback_backend_bind_address" time="0.263" /><testcase classname="tests.test_check_deploy_config_script" name="test_runtime_mode_rejects_public_backend_api_url" time="0.260" /><testcase classname="tests.test_check_deploy_config_script" name="test_runtime_mode_rejects_public_backend_api_ip" time="0.253" /><testcase classname="tests.test_check_deploy_config_script" name="test_runtime_mode_rejects_unsecure_bff_cookie" time="0.250" /><testcase classname="tests.test_check_deploy_config_script" name="test_runtime_mode_rejects_short_bff_session_secret" time="0.273" /><testcase classname="tests.test_check_quality_gate_baseline" name="test_validate_baseline_expiry_passes_before_deadline" time="0.000" /><testcase classname="tests.test_check_quality_gate_baseline" name="test_validate_baseline_expiry_fails_after_deadline" time="0.000" /><testcase classname="tests.test_ci_matrix_contract" name="test_ci_classifies_backend_frontend_and_shared_changes" time="0.001" /><testcase classname="tests.test_ci_matrix_contract" name="test_ci_has_a_documentation_only_lane" time="0.001" /><testcase classname="tests.test_ci_matrix_contract" name="test_release_workflows_ignore_documentation_only_pushes" time="0.001" /><testcase classname="tests.test_ci_matrix_contract" name="test_heavy_jobs_escalate_shared_changes_and_skip_unrelated_areas" time="0.001" /><testcase classname="tests.test_ci_script_references" name="test_repository_ci_script_references_resolve" time="0.005" /><testcase classname="tests.test_ci_script_references" name="test_missing_script_reference_is_reported" time="0.005" /><testcase classname="tests.test_control_plane_environment_routes" name="test_control_plane_lists_metadata_without_domain_records" time="0.077" /><testcase classname="tests.test_control_plane_environment_routes" name="test_raw_actor_header_cannot_change_authenticated_operator" time="0.073" /><testcase classname="tests.test_control_plane_environment_routes" name="test_customer_session_cannot_use_control_plane" time="0.046" /><testcase classname="tests.test_control_plane_environment_routes" name="test_control_plane_gets_environment_and_records_lifecycle_audit" time="0.091" /><testcase classname="tests.test_control_plane_environment_routes" name="test_unknown_environment_returns_not_found" time="0.068" /><testcase classname="tests.test_control_plane_environment_routes" name="test_control_plane_contract_keeps_customer_domain_imports_out" time="0.001" /><testcase classname="tests.test_control_plane_environment_routes" name="test_control_plane_service_audit_event_requires_environment" time="0.024" /><testcase classname="tests.test_control_plane_environment_routes" name="test_control_plane_persists_and_reloads_audit_events" time="0.097" /><testcase classname="tests.test_control_plane_environment_routes" name="test_control_plane_concurrent_process_updates_preserve_records_and_events" time="0.196" /><testcase classname="tests.test_control_plane_environment_routes" name="test_control_plane_persistence_contains_only_opaque_database_resource_id" time="0.031" /><testcase classname="tests.test_control_plane_environment_routes" name="test_environment_summary_exposes_release_and_backup_metadata" time="0.080" /><testcase classname="tests.test_control_plane_environment_routes" name="test_missing_operator_identity_is_rejected" time="0.031" /><testcase classname="tests.test_control_plane_environment_routes" name="test_production_control_plane_operator_requires_explicit_allowlist" time="0.001" /><testcase classname="tests.test_control_plane_environment_routes" name="test_nonproduction_control_plane_keeps_explicit_admin_compatibility" time="0.001" /><testcase classname="tests.test_control_plane_environment_routes" name="test_customer_session_cannot_record_lifecycle_event" time="0.037" /><testcase classname="tests.test_control_plane_environment_routes" name="test_production_backend_app_registers_control_plane_routes" time="0.008" /><testcase classname="tests.test_control_plane_environment_routes" name="test_repository_import_boundary_checker_is_invoked" time="0.469" /><testcase classname="tests.test_control_plane_environment_routes" name="test_control_plane_modules_have_no_customer_domain_imports" time="0.007" /><testcase classname="tests.test_create_release_manifest" name="test_build_manifest_accepts_complete_digest_pinned_commit_pair" time="0.008" /><testcase classname="tests.test_create_release_manifest" name="test_build_manifest_rejects_non_immutable_release_pair[sha256:short-aaaaaaaaaaaaaaaaaaaaaaaaaaaaaaaaaaaaaaaa-digest]" time="0.007" /><testcase classname="tests.test_create_release_manifest" name="test_build_manifest_rejects_non_immutable_release_pair[sha256:1111111111111111111111111111111111111111111111111111111111111111-latest-commit SHA tag]" time="0.006" /><testcase classname="tests.test_crud_authorization" name="test_member_cannot_mutate_other_users_nodes" time="1.146" /><testcase classname="tests.test_crud_authorization" name="test_manager_can_mutate_team_member_but_not_outsider" time="1.304" /><testcase classname="tests.test_crud_authorization" name="test_force_stop_active_timers_only_affects_requested_user" time="1.137" /><testcase classname="tests.test_crud_authorization" name="test_actor_identity_is_required_for_goal_scoped_mutations" time="0.810" /><testcase classname="tests.test_crud_authorization" name="test_start_timer_invalid_task_does_not_stop_existing_timer" time="0.814" /><testcase classname="tests.test_crud_authorization" name="test_update_operations_reject_protected_fields" time="0.804" /><testcase classname="tests.test_crud_authorization" name="test_manual_log_and_estimates_validate_non_negative_values" time="0.792" /><testcase classname="tests.test_crud_authorization" name="test_update_task_can_clear_start_date" time="0.823" /><testcase classname="tests.test_crud_authorization" name="test_alignment_mutations_require_authorization" time="1.288" /><testcase classname="tests.test_crud_authorization" name="test_get_node_enforces_read_scope_when_actor_is_provided" time="1.422" /><testcase classname="tests.test_crud_authorization" name="test_admin_create_member_requires_valid_manager_chain" time="1.392" /><testcase classname="tests.test_crud_authorization" name="test_admin_update_member_requires_valid_manager_chain" time="1.415" /><testcase classname="tests.test_crud_authorization" name="test_cycle_governance_allows_manager_and_blocks_member" time="1.192" /><testcase classname="tests.test_crud_backend_mutation_proxy" name="test_create_goal_uses_backend_mutation_proxy" time="0.001" /><testcase classname="tests.test_crud_backend_mutation_proxy" name="test_update_task_backend_permission_error_bubbles" time="0.001" /><testcase classname="tests.test_crud_backend_mutation_proxy" name="test_create_goal_backend_transient_error_fails_closed_by_default" time="0.001" /><testcase classname="tests.test_crud_backend_mutation_proxy" name="test_create_cycle_uses_backend_mutation_proxy" time="0.000" /><testcase classname="tests.test_crud_backend_mutation_proxy" name="test_create_check_in_backend_permission_error_bubbles" time="0.000" /><testcase classname="tests.test_crud_backend_mutation_proxy" name="test_reset_user_password_uses_backend_mutation_proxy" time="0.001" /><testcase classname="tests.test_crud_ownership_and_timer" name="test_owner_id_goals_are_visible_in_user_queries" time="1.121" /><testcase classname="tests.test_crud_ownership_and_timer" name="test_work_logs_and_cycle_tasks_use_owner_id_ownership" time="0.780" /><testcase classname="tests.test_crud_ownership_and_timer" name="test_cycle_task_windowing_returns_stable_slices" time="0.817" /><testcase classname="tests.test_crud_ownership_and_timer" name="test_user_data_goal_nodes_emit_owner_id_only" time="0.712" /><testcase classname="tests.test_crud_ownership_and_timer" name="test_user_data_supports_goal_pagination_meta" time="0.729" /><testcase classname="tests.test_crud_ownership_and_timer" name="test_timer_start_stop_enforces_task_ownership" time="1.097" /><testcase classname="tests.test_crud_ownership_and_timer" name="test_timer_policy_uses_goal_owner_scope_not_task_row_owner" time="1.927" /><testcase classname="tests.test_crud_ownership_and_timer" name="test_start_timer_is_idempotent_for_same_task" time="1.514" /><testcase classname="tests.test_crud_ownership_and_timer" name="test_stop_timer_recovers_stale_running_task_without_open_log" time="1.456" /><testcase classname="tests.test_customer_environment_contract" name="test_manifest_requires_isolated_database_target" time="0.001" /><testcase classname="tests.test_customer_environment_contract" name="test_single_tenant_manifest_rejects_missing_database_target" time="0.002" /><testcase classname="tests.test_customer_environment_contract" name="test_manifest_rejects_empty_identity_or_version[environment_id]" time="0.002" /><testcase classname="tests.test_customer_environment_contract" name="test_manifest_rejects_empty_identity_or_version[customer_id]" time="0.002" /><testcase classname="tests.test_customer_environment_contract" name="test_manifest_rejects_empty_identity_or_version[application_version]" time="0.003" /><testcase classname="tests.test_customer_environment_contract" name="test_manifest_rejects_unsupported_profile" time="0.002" /><testcase classname="tests.test_customer_environment_contract" name="test_manifest_rejects_unsupported_contract_version" time="0.002" /><testcase classname="tests.test_customer_environment_contract" name="test_manifest_rejects_invalid_lifecycle_state" time="0.002" /><testcase classname="tests.test_customer_environment_contract" name="test_event_rejects_invalid_lifecycle_event" time="0.001" /><testcase classname="tests.test_customer_environment_contract" name="test_on_premise_manifest_rejects_control_plane_ownership" time="0.001" /><testcase classname="tests.test_customer_environment_contract" name="test_manifest_rejects_empty_operational_metadata[idempotency_key]" time="0.002" /><testcase classname="tests.test_customer_environment_contract" name="test_manifest_rejects_empty_operational_metadata[control_plane_owner]" time="0.002" /><testcase classname="tests.test_customer_environment_contract" name="test_backup_policy_rejects_empty_operational_metadata[provider]" time="0.002" /><testcase classname="tests.test_customer_environment_contract" name="test_backup_policy_rejects_empty_operational_metadata[schedule]" time="0.002" /><testcase classname="tests.test_customer_environment_contract" name="test_retired_environment_cannot_return_to_ready" time="0.001" /><testcase classname="tests.test_customer_environment_contract" name="test_legal_lifecycle_transition_is_explicit" time="0.001" /><testcase classname="tests.test_customer_environment_contract" name="test_representative_legal_lifecycle_transitions[READY-SUSPEND-SUSPENDED]" time="0.002" /><testcase classname="tests.test_customer_environment_contract" name="test_representative_legal_lifecycle_transitions[SUSPENDED-ACTIVATE-READY]" time="0.003" /><testcase classname="tests.test_customer_environment_contract" name="test_representative_legal_lifecycle_transitions[READY-BEGIN_UPGRADE-UPGRADING]" time="0.003" /><testcase classname="tests.test_customer_environment_contract" name="test_representative_legal_lifecycle_transitions[UPGRADING-COMPLETE_UPGRADE-READY]" time="0.002" /><testcase classname="tests.test_customer_environment_contract" name="test_representative_legal_lifecycle_transitions[DEGRADED-RECOVER-READY]" time="0.002" /><testcase classname="tests.test_customer_environment_contract" name="test_representative_legal_lifecycle_transitions[READY-RETIRE-RETIRED]" time="0.002" /><testcase classname="tests.test_cycle_db_invariant" name="test_second_active_cycle_same_owner_rejected" time="0.860" /><testcase classname="tests.test_cycle_db_invariant" name="test_active_cycles_different_owners_allowed" time="1.036" /><testcase classname="tests.test_cycle_db_invariant" name="test_multiple_inactive_cycles_same_owner_allowed" time="0.866" /><testcase classname="tests.test_cycle_db_invariant" name="test_deactivate_then_activate_succeeds" time="0.884" /><testcase classname="tests.test_cycle_db_invariant" name="test_last_active_cycle_guard_blocks_deactivation" time="0.919" /><testcase classname="tests.test_cycle_single_active" name="test_update_cycle_activation_deactivates_others" time="0.002" /><testcase classname="tests.test_cycle_single_active" name="test_update_cycle_uses_atomic_rpc_when_available" time="0.002" /><testcase classname="tests.test_cycle_single_active" name="test_update_cycle_falls_back_when_rpc_missing" time="0.002" /><testcase classname="tests.test_cycle_single_active" name="test_deactivate_does_not_touch_other_cycles" time="0.002" /><testcase classname="tests.test_cycle_single_active" name="test_create_cycle_with_is_active_deactivates_existing" time="0.003" /><testcase classname="tests.test_darkube_deployment_verifier" name="test_verifies_all_darkube_apps_against_manifest" time="0.002" /><testcase classname="tests.test_darkube_deployment_verifier" name="test_rejects_non_matching_deployment_evidence[&lt;lambda&gt;-digest]" time="0.002" /><testcase classname="tests.test_darkube_deployment_verifier" name="test_rejects_non_matching_deployment_evidence[&lt;lambda&gt;-exactly api, bff, web, and worker0]" time="0.002" /><testcase classname="tests.test_darkube_deployment_verifier" name="test_rejects_non_matching_deployment_evidence[&lt;lambda&gt;-exactly api, bff, web, and worker1]" time="0.002" /><testcase classname="tests.test_darkube_deployment_verifier" name="test_rejects_non_matching_deployment_evidence[&lt;lambda&gt;-commit SHA]" time="0.003" /><testcase classname="tests.test_darkube_deployment_verifier" name="test_cli_writes_deterministic_verification_artifact" time="0.020" /><testcase classname="tests.test_data_access_failure_recovery" name="test_concurrent_request_contexts_do_not_share_data_access_state" time="0.004" /><testcase classname="tests.test_data_access_failure_recovery" name="test_read_mode_recovery_after_tcp_probe_reset" time="0.002" /><testcase classname="tests.test_data_access_failure_recovery" name="test_mutation_recovery_path_does_not_fallback_to_supabase_on_db_failure" time="0.024" /><testcase classname="tests.test_data_access_mode.TestResolveReadMode" name="test_request_context_preference_does_not_leak" time="0.002" /><testcase classname="tests.test_data_access_mode.TestResolveReadMode" name="test_invalid_request_context_preference_uses_legacy_resolution" time="0.002" /><testcase classname="tests.test_data_access_mode.TestResolveReadMode" name="test_explicit_api_mode_pins_https" time="0.002" /><testcase classname="tests.test_data_access_mode.TestResolveReadMode" name="test_tcp_reachable_returns_database" time="0.002" /><testcase classname="tests.test_data_access_mode.TestResolveReadMode" name="test_tcp_down_with_credentials_falls_back" time="0.002" /><testcase classname="tests.test_data_access_mode.TestResolveReadMode" name="test_tcp_down_without_credentials_stays_tcp" time="0.002" /><testcase classname="tests.test_data_access_mode.TestResolveReadMode" name="test_probe_failure_defaults_to_tcp" time="0.002" /><testcase classname="tests.test_data_access_mode.TestNotifyTcpFailure" name="test_notify_resets_probe_cache" time="0.002" /><testcase classname="tests.test_data_access_mode.TestNotifyTcpFailure" name="test_notify_is_safe_when_import_fails" time="0.003" /><testcase classname="tests.test_data_access_mode.TestFallbackWarning" name="test_warns_once_per_outage" time="0.003" /><testcase classname="tests.test_data_access_mode.TestEffectiveModeReport" name="test_report_matches_resolver" time="0.002" /><testcase classname="tests.test_data_access_strategy" name="test_direct_database_adapter_normalizes_dispatch_result" time="0.002" /><testcase classname="tests.test_data_access_strategy" name="test_supabase_adapter_preserves_operation_errors_with_metadata" time="0.002" /><testcase classname="tests.test_data_access_strategy" name="test_factory_gives_both_modes_the_same_contract[database-database]" time="0.002" /><testcase classname="tests.test_data_access_strategy" name="test_factory_gives_both_modes_the_same_contract[supabase_api-supabase_api]" time="0.002" /><testcase classname="tests.test_data_access_strategy" name="test_factory_rejects_unknown_mode" time="0.002" /><testcase classname="tests.test_data_access_strategy" name="test_empty_operation_fails_before_dispatch" time="0.002" /><testcase classname="tests.test_database_engine_pooling" name="test_postgres_engine_uses_null_pool_by_default" time="0.002" /><testcase classname="tests.test_database_engine_pooling" name="test_postgres_engine_allows_opt_in_queue_pool" time="0.002" /><testcase classname="tests.test_database_engine_pooling" name="test_postgres_engine_reads_null_pool_flag_from_config" time="0.002" /><testcase classname="tests.test_database_engine_pooling" name="test_postgres_queue_pool_invalid_values_fallback_to_safe_bounds" time="0.002" /><testcase classname="tests.test_database_engine_pooling" name="test_database_validation_flags_can_come_from_config" time="0.002" /><testcase classname="tests.test_database_integrity" name="test_db_enforces_check_constraints_and_foreign_keys" time="1.511" /><testcase classname="tests.test_database_integrity" name="test_db_enforces_single_open_work_log_per_task" time="1.870" /><testcase classname="tests.test_database_integrity" name="test_sync_data_to_db_rolls_back_on_failure" time="1.368" /><testcase classname="tests.test_database_integrity" name="test_run_migrations_bootstraps_fresh_database" time="0.855" /><testcase classname="tests.test_database_integrity" name="test_alembic_cli_upgrade_head_succeeds_on_fresh_sqlite" time="0.861" /><testcase classname="tests.test_database_integrity" name="test_alembic_revisions_do_not_embed_sqlite_only_pragma" time="0.004" /><testcase classname="tests.test_database_integrity" name="test_run_migrations_adopts_legacy_database_without_alembic_version" time="0.903" /><testcase classname="tests.test_database_url_advisories" name="test_supabase_session_pooler_port_gets_advisory" time="0.002" /><testcase classname="tests.test_database_url_advisories" name="test_supabase_transaction_pooler_port_has_no_advisory" time="0.002" /><testcase classname="tests.test_database_url_advisories" name="test_non_supabase_url_has_no_pooler_advisory" time="0.002" /><testcase classname="tests.test_database_url_policy" name="test_transaction_pooler_6543_is_accepted" time="0.002" /><testcase classname="tests.test_database_url_policy" name="test_session_pooler_5432_is_rejected_by_default" time="0.002" /><testcase classname="tests.test_database_url_policy" name="test_session_pooler_5432_can_be_temporarily_allowed" time="0.002" /><testcase classname="tests.test_database_url_policy" name="test_direct_supabase_host_is_rejected_by_default" time="0.002" /><testcase classname="tests.test_database_url_policy" name="test_direct_supabase_host_can_be_temporarily_allowed" time="0.002" /><testcase classname="tests.test_database_url_policy" name="test_postgres_superuser_is_rejected_by_default" time="0.002" /><testcase classname="tests.test_database_url_policy" name="test_postgres_superuser_can_be_temporarily_allowed" time="0.002" /><testcase classname="tests.test_date_validation.TestValidateStartBeforeEnd" name="test_passes_when_start_before_end" time="0.001" /><testcase classname="tests.test_date_validation.TestValidateStartBeforeEnd" name="test_rejects_when_start_equals_end" time="0.002" /><testcase classname="tests.test_date_validation.TestValidateStartBeforeEnd" name="test_rejects_when_start_after_end" time="0.002" /><testcase classname="tests.test_date_validation.TestValidateDeadlineSane" name="test_passes_for_none" time="0.001" /><testcase classname="tests.test_date_validation.TestValidateDeadlineSane" name="test_passes_for_recent_date" time="0.002" /><testcase classname="tests.test_date_validation.TestValidateDeadlineSane" name="test_rejects_far_future_date" time="0.002" /><testcase classname="tests.test_date_validation.TestValidateDeadlineSane" name="test_rejects_past_date_when_not_allowed" time="0.002" /><testcase classname="tests.test_date_validation.TestValidateCycleContainsDate" name="test_passes_when_date_in_range" time="0.002" /><testcase classname="tests.test_date_validation.TestValidateCycleContainsDate" name="test_passes_for_none_date" time="0.002" /><testcase classname="tests.test_date_validation.TestValidateCycleContainsDate" name="test_rejects_date_before_cycle" time="0.002" /><testcase classname="tests.test_date_validation.TestValidateCycleContainsDate" name="test_rejects_date_after_cycle" time="0.002" /><testcase classname="tests.test_dead_letter_jobs" name="test_list_dead_jobs_returns_exhausted_only" time="1.120" /><testcase classname="tests.test_dead_letter_jobs" name="test_count_dead_jobs" time="0.896" /><testcase classname="tests.test_dead_letter_jobs" name="test_retry_dead_job_resets_to_pending" time="0.919" /><testcase classname="tests.test_dead_letter_jobs" name="test_retry_rejects_wrong_actor" time="0.943" /><testcase classname="tests.test_dead_letter_jobs" name="test_retry_rejects_non_exhausted_or_missing" time="0.914" /><testcase classname="tests.test_dead_letter_jobs" name="test_healthz_includes_dead_job_count" time="1.133" /><testcase classname="tests.test_deadline_utils" name="test_get_deadline_status_accepts_dict_payload" time="0.001" /><testcase classname="tests.test_deadline_utils" name="test_get_deadline_status_accepts_object_payload" time="0.001" /><testcase classname="tests.test_deadline_utils" name="test_get_deadline_status_overdue_and_completed" time="0.009" /><testcase classname="tests.test_deadline_utils" name="test_get_expected_progress_and_format_helpers_accept_datetime" time="0.007" /><testcase classname="tests.test_deadline_utils" name="test_get_expected_progress_returns_zero_when_deadline_is_none" time="0.005" /><testcase classname="tests.test_deadline_utils" name="test_get_expected_progress_returns_zero_when_created_at_is_none" time="0.005" /><testcase classname="tests.test_deadline_utils" name="test_get_expected_progress_returns_100_when_created_at_equals_deadline" time="0.001" /><testcase classname="tests.test_deployment_topology" name="test_committed_compose_has_the_required_private_topology" time="0.016" /><testcase classname="tests.test_deployment_topology" name="test_compose_fails_closed_for_internal_credentials_and_gates_web_on_bff" time="0.008" /><testcase classname="tests.test_deployment_topology" name="test_rejects_public_backend_or_database_ingress[- &quot;0.0.0.0:8100:8100&quot;-backend-api published port binds to public host]" time="0.013" /><testcase classname="tests.test_deployment_topology" name="test_rejects_public_backend_or_database_ingress[- &quot;0.0.0.0:15432:5432&quot;-postgres published port binds to public host]" time="0.010" /><testcase classname="tests.test_deployment_topology" name="test_rejects_public_backend_or_database_ingress[OKR_BACKEND_API_URL=http://public.example:8100-must target the private backend service]" time="0.007" /><testcase classname="tests.test_distributed_state_service" name="test_broadcast_cache_invalidation_uses_monotonic_ns_signal" time="0.002" /><testcase classname="tests.test_distributed_state_service" name="test_get_last_invalidation_timestamp_parses_int_or_returns_zero" time="0.002" /><testcase classname="tests.test_dual_mode_parity" name="test_dual_mode_critical_mutation_payload_parity[/v1/nodes/goal-payload0-create_goal-create_goal_via_supabase_api-201]" time="0.039" /><testcase classname="tests.test_dual_mode_parity" name="test_dual_mode_critical_mutation_payload_parity[/v1/nodes/objective-payload1-create_objective-create_objective_via_supabase_api-201]" time="0.022" /><testcase classname="tests.test_dual_mode_parity" name="test_dual_mode_critical_mutation_payload_parity[/v1/nodes/key_result-payload2-create_key_result-create_key_result_via_supabase_api-201]" time="0.026" /><testcase classname="tests.test_dual_mode_parity" name="test_dual_mode_critical_mutation_payload_parity[/v1/nodes/task-payload3-create_task-create_task_via_supabase_api-201]" time="0.026" /><testcase classname="tests.test_dual_mode_parity" name="test_dual_mode_critical_mutation_payload_parity[/v1/check-ins-payload4-create_check_in-create_check_in_via_supabase_api-201]" time="0.023" /><testcase classname="tests.test_dual_mode_parity" name="test_dual_mode_user_mutation_payload_parity[/v1/users-payload0-create_user-create_user_via_supabase_api-201-post]" time="0.023" /><testcase classname="tests.test_dual_mode_parity" name="test_dual_mode_user_mutation_payload_parity[/v1/users/901-payload1-update_user-update_user_via_supabase_api-200-patch]" time="0.051" /><testcase classname="tests.test_dual_mode_parity" name="test_dual_mode_user_mutation_payload_parity[/v1/users/901/reset-password-payload2-reset_user_password-reset_user_password_via_supabase_api-200-post]" time="0.097" /><testcase classname="tests.test_dual_mode_parity" name="test_dual_mode_read_query_payload_parity[users.by_username-params0-expected0]" time="0.076" /><testcase classname="tests.test_dual_mode_parity" name="test_dual_mode_read_query_payload_parity[users.all-params1-expected1]" time="0.022" /><testcase classname="tests.test_e2e_playwright_spa_login_to_atlas" name="test_role_based_spa_critical_paths[admin]" time="0.001"><skipped type="pytest.skip" message="Playwright SPA e2e is disabled. Set OKR_RUN_PLAYWRIGHT_SPA_E2E=1 to run this test.">C:\Faraatar-TID_Apps\okr\tests\test_e2e_playwright_spa_login_to_atlas.py:843: Playwright SPA e2e is disabled. Set OKR_RUN_PLAYWRIGHT_SPA_E2E=1 to run this test.</skipped></testcase><testcase classname="tests.test_e2e_playwright_spa_login_to_atlas" name="test_role_based_spa_critical_paths[manager]" time="0.001"><skipped type="pytest.skip" message="Playwright SPA e2e is disabled. Set OKR_RUN_PLAYWRIGHT_SPA_E2E=1 to run this test.">C:\Faraatar-TID_Apps\okr\tests\test_e2e_playwright_spa_login_to_atlas.py:843: Playwright SPA e2e is disabled. Set OKR_RUN_PLAYWRIGHT_SPA_E2E=1 to run this test.</skipped></testcase><testcase classname="tests.test_e2e_playwright_spa_login_to_atlas" name="test_role_based_spa_critical_paths[member]" time="0.001"><skipped type="pytest.skip" message="Playwright SPA e2e is disabled. Set OKR_RUN_PLAYWRIGHT_SPA_E2E=1 to run this test.">C:\Faraatar-TID_Apps\okr\tests\test_e2e_playwright_spa_login_to_atlas.py:843: Playwright SPA e2e is disabled. Set OKR_RUN_PLAYWRIGHT_SPA_E2E=1 to run this test.</skipped></testcase><testcase classname="tests.test_e2e_smoke" name="test_full_stack_smoke" time="0.001"><skipped type="pytest.skip" message="Smoke test disabled. Set TOP10_SMOKE=1 to run.">C:\Faraatar-TID_Apps\okr\tests\test_e2e_smoke.py:319: Smoke test disabled. Set TOP10_SMOKE=1 to run.</skipped></testcase><testcase classname="tests.test_facade_service_boundary" name="test_canonical_facade_serializers_preserve_missing_object_contract[serialize_cycle]" time="0.002" /><testcase classname="tests.test_facade_service_boundary" name="test_canonical_facade_serializers_preserve_missing_object_contract[serialize_user]" time="0.002" /><testcase classname="tests.test_facade_service_boundary" name="test_canonical_facade_serializers_preserve_missing_object_contract[serialize_weekly_plan]" time="0.002" /><testcase classname="tests.test_facade_service_boundary" name="test_canonical_weekly_plan_cache_bucket_is_monday_stable" time="0.001" /><testcase classname="tests.test_facade_service_boundary" name="test_canonical_cycle_selector_payload_is_id_based_and_stable" time="0.001" /><testcase classname="tests.test_facade_service_boundary" name="test_legacy_cycle_selector_mapping_preserves_labels_and_input_order" time="0.004" /><testcase classname="tests.test_facade_service_boundary" name="test_snapshot_cache_reuses_value_until_explicitly_cleared" time="0.002" /><testcase classname="tests.test_facade_service_boundary" name="test_cycle_snapshot_cache_returns_plain_snapshots_and_refreshes" time="0.001" /><testcase classname="tests.test_facade_service_boundary" name="test_user_snapshot_cache_materializes_plain_snapshots" time="0.002" /><testcase classname="tests.test_facade_service_boundary" name="test_weekly_plan_snapshot_cache_materializes_plain_snapshots" time="0.001" /><testcase classname="tests.test_facade_service_boundary" name="test_snapshot_cache_registry_clears_registered_caches_together" time="0.003" /><testcase classname="tests.test_facade_service_boundary" name="test_keyed_snapshot_cache_isolated_by_key_and_clears_all_entries" time="0.003" /><testcase classname="tests.test_facade_service_boundary" name="test_keyed_snapshot_cache_refetches_after_injected_ttl" time="0.002" /><testcase classname="tests.test_facade_service_boundary" name="test_keyed_snapshot_cache_clears_when_injected_staleness_signal_changes" time="0.002" /><testcase classname="tests.test_facade_service_boundary" name="test_bootstrap_default_cycle_does_not_create_for_non_admin" time="0.001" /><testcase classname="tests.test_facade_service_boundary" name="test_bootstrap_default_cycle_allows_admin_creation" time="0.001" /><testcase classname="tests.test_facade_service_boundary" name="test_bootstrap_default_cycle_surfaces_permission_error" time="0.002" /><testcase classname="tests.test_facade_service_boundary" name="test_facade_bootstrap_adapter_preserves_creator_arguments_and_clears_cache" time="0.001" /><testcase classname="tests.test_facade_service_boundary" name="test_runtime_snapshot_factory_shares_invalidation_registry" time="0.001" /><testcase classname="tests.test_facade_service_boundary" name="test_keyed_runtime_cache_factory_indexes_user_and_weekly_plan_by_user_id" time="0.001" /><testcase classname="tests.test_facade_service_boundary" name="test_canonical_runtime_symbols_are_the_single_service_contract" time="0.001" /><testcase classname="tests.test_fix_cross_team_task_assignment" name="test_assign_task_to_same_team_user_succeeds" time="1.845" /><testcase classname="tests.test_fix_cross_team_task_assignment" name="test_assign_task_to_different_team_user_raises" time="1.834" /><testcase classname="tests.test_fix_cross_team_task_assignment" name="test_assign_task_without_assignee_succeeds" time="1.558" /><testcase classname="tests.test_fix_cross_team_task_assignment" name="test_assign_task_when_team_ids_are_none_succeeds" time="1.847" /><testcase classname="tests.test_fix_cross_team_task_assignment" name="test_assign_task_when_goal_team_id_is_none_succeeds" time="1.990" /><testcase classname="tests.test_fix_deadline_display_timezone" name="test_format_deadline_display_preserves_date_from_datetime" time="0.001" /><testcase classname="tests.test_fix_deadline_display_timezone" name="test_format_deadline_display_preserves_date_from_iso_string" time="0.002" /><testcase classname="tests.test_fix_deadline_display_timezone" name="test_format_deadline_display_returns_dash_for_none" time="0.002" /><testcase classname="tests.test_fix_deadline_display_timezone" name="test_format_deadline_display_returns_dash_for_empty_string" time="0.002" /><testcase classname="tests.test_fix_deadline_display_timezone" name="test_format_deadline_display_shows_overdue_for_past_date" time="0.002" /><testcase classname="tests.test_fix_deadline_display_timezone" name="test_format_deadline_display_shows_today_for_today" time="0.002" /><testcase classname="tests.test_fix_deadline_display_timezone" name="test_format_deadline_display_shows_tomorrow_for_tomorrow" time="0.002" /><testcase classname="tests.test_fix_deadline_display_timezone" name="test_format_deadline_display_shows_days_left" time="0.002" /><testcase classname="tests.test_fix_deadline_display_timezone" name="test_format_deadline_display_from_epoch_millis" time="0.002" /><testcase classname="tests.test_fix_deadline_display_timezone" name="test_format_deadline_display_from_epoch_seconds" time="0.002" /><testcase classname="tests.test_fix_deadline_display_timezone" name="test_format_deadline_display_zero_returns_dash" time="0.002" /><testcase classname="tests.test_fix_kr_deletion_progress_commit" name="test_delete_key_result_commits_progress_recalculation" time="1.595" /><testcase classname="tests.test_fix_kr_deletion_progress_commit" name="test_delete_key_result_updates_goal_progress" time="1.614" /><testcase classname="tests.test_fix_objective_deletion_goal_progress" name="test_delete_objective_updates_goal_progress" time="1.551" /><testcase classname="tests.test_fix_objective_deletion_goal_progress" name="test_delete_objective_no_error_when_only_one_objective" time="1.580" /><testcase classname="tests.test_fix_prompt_injection_sanitization" name="test_sanitize_replaces_double_quotes" time="0.001" /><testcase classname="tests.test_fix_prompt_injection_sanitization" name="test_sanitize_removes_triple_backticks" time="0.002" /><testcase classname="tests.test_fix_prompt_injection_sanitization" name="test_sanitize_removes_triple_double_quotes" time="0.002" /><testcase classname="tests.test_fix_prompt_injection_sanitization" name="test_sanitize_removes_triple_single_quotes" time="0.002" /><testcase classname="tests.test_fix_prompt_injection_sanitization" name="test_sanitize_truncates_at_2000_chars" time="0.002" /><testcase classname="tests.test_fix_prompt_injection_sanitization" name="test_sanitize_collapses_whitespace" time="0.002" /><testcase classname="tests.test_fix_prompt_injection_sanitization" name="test_sanitize_handles_empty_string" time="0.002" /><testcase classname="tests.test_fix_prompt_injection_sanitization" name="test_sanitize_handles_none_like_input" time="0.002" /><testcase classname="tests.test_fix_prompt_injection_sanitization" name="test_injection_payload_cannot_break_string_boundary" time="0.002" /><testcase classname="tests.test_fix_prompt_injection_sanitization" name="test_sanitize_preserves_single_quotes" time="0.002" /><testcase classname="tests.test_fix_prompt_injection_sanitization" name="test_sanitize_mixed_dangerous_chars" time="0.002" /><testcase classname="tests.test_fix_rate_limit_forwarded_ip" name="test_rate_limit_uses_forwarded_ip_for_isolation" time="0.003" /><testcase classname="tests.test_fix_rate_limit_forwarded_ip" name="test_security_module_accepts_x_forwarded_for_header" time="0.002" /><testcase classname="tests.test_fix_rate_limit_forwarded_ip" name="test_security_module_uses_forwarded_ip_for_rate_limit" time="0.002" /><testcase classname="tests.test_fix_rate_limit_forwarded_ip" name="test_bff_proxy_forwards_x_forwarded_for" time="0.002" /><testcase classname="tests.test_fix_rate_limit_forwarded_ip" name="test_bff_server_forwards_token_version" time="0.002" /><testcase classname="tests.test_fix_timer_row_locking" name="test_start_timer_stops_other_active_timers_correctly" time="1.510" /><testcase classname="tests.test_fix_timer_row_locking" name="test_stop_timer_correctly_credits_time" time="1.519" /><testcase classname="tests.test_fix_timer_row_locking" name="test_stop_all_active_timers_uses_select_for_update" time="0.811" /><testcase classname="tests.test_fix_timer_row_locking" name="test_start_timer_prevents_double_counting" time="1.498" /><testcase classname="tests.test_fix_zombie_job_reaping" name="test_reap_stale_running_jobs_changes_status" time="0.869" /><testcase classname="tests.test_fix_zombie_job_reaping" name="test_reap_stale_running_jobs_terminal_when_attempts_exhausted" time="0.834" /><testcase classname="tests.test_fix_zombie_job_reaping" name="test_reap_stale_running_jobs_skips_recent_jobs" time="0.845" /><testcase classname="tests.test_fix_zombie_job_reaping" name="test_reap_stale_running_jobs_returns_correct_count" time="0.892" /><testcase classname="tests.test_fix_zombie_job_reaping" name="test_reap_stale_running_jobs_ignores_non_running_jobs" time="0.873" /><testcase classname="tests.test_fix_zombie_job_reaping" name="test_reap_stale_running_jobs_returns_zero_when_no_stale_jobs" time="1.066" /><testcase classname="tests.test_helper_seam_contracts" name="test_runtime_update_fields_wrapper_contract_is_current" time="0.002" /><testcase classname="tests.test_helper_seam_contracts" name="test_runtime_node_payload_wrapper_contract_is_current" time="0.002" /><testcase classname="tests.test_helper_seam_contracts" name="test_auth_service_contracts_do_not_send_stale_kwargs" time="0.002" /><testcase classname="tests.test_helper_seam_contracts" name="test_auth_service_read_wrappers_delegate_to_read_service" time="0.002" /><testcase classname="tests.test_hybrid_app_launcher_script" name="test_hybrid_launcher_exists_and_targets_spa_stack" time="0.002" /><testcase classname="tests.test_hybrid_app_launcher_script" name="test_local_hybrid_launcher_exists_and_starts_backend_bff_spa_without_docker" time="0.003" /><testcase classname="tests.test_import_boundaries" name="test_src_rejects_backend_and_delivery_framework_imports" time="0.016" /><testcase classname="tests.test_import_boundaries" name="test_backend_app_may_import_delivery_frameworks" time="0.016" /><testcase classname="tests.test_import_boundaries" name="test_root_app_facade_import_is_rejected_but_similar_module_is_not" time="0.017" /><testcase classname="tests.test_independent_service_contract" name="test_compose_keeps_api_worker_and_bff_as_independent_processes" time="0.003" /><testcase classname="tests.test_independent_service_contract" name="test_readiness_requires_api_worker_bff_and_web" time="0.002" /><testcase classname="tests.test_insert_contract_checker" name="test_baseline_schema_parses_tracked_tables" time="0.003" /><testcase classname="tests.test_insert_contract_checker" name="test_baseline_user_columns_match_live_semantics" time="0.002" /><testcase classname="tests.test_insert_contract_checker" name="test_check_passes_when_map_matches_baseline" time="0.002" /><testcase classname="tests.test_insert_contract_checker" name="test_check_flags_missing_required_column" time="0.002" /><testcase classname="tests.test_insert_contract_checker" name="test_check_flags_stale_required_entry" time="0.002" /><testcase classname="tests.test_job_service_backend_fallback" name="test_run_job_and_wait_fails_closed_on_submit_transport_error_when_fallback_disabled" time="0.002" /><testcase classname="tests.test_learning_loop" name="test_check_in_requires_variation_type" time="1.445" /><testcase classname="tests.test_learning_loop" name="test_check_in_rejects_cross_kr_experiment_link" time="1.593" /><testcase classname="tests.test_learning_loop" name="test_special_cause_requires_note" time="1.765" /><testcase classname="tests.test_learning_loop" name="test_experiment_list_requires_authorization" time="1.903" /><testcase classname="tests.test_learning_loop" name="test_experiment_mutation_requires_authorization" time="1.882" /><testcase classname="tests.test_learning_loop" name="test_experiment_cycle_must_match_goal_cycle" time="1.477" /><testcase classname="tests.test_learning_loop" name="test_special_cause_clears_experiment_link" time="1.602" /><testcase classname="tests.test_learning_loop" name="test_retro_outcome_only_owner_can_modify" time="2.284" /><testcase classname="tests.test_lifecycle_crud" name="test_lifecycle_transitions" time="1.568" /><testcase classname="tests.test_lifecycle_crud" name="test_progress_alignment" time="1.426" /><testcase classname="tests.test_main_router_bootstrap_guard" name="test_main_import_route_guard_is_enforced" time="1.798" /><testcase classname="tests.test_manager_cycle_scope" name="test_manager_cycle_visibility_includes_admin_cycles_but_not_other_managers" time="0.002" /><testcase classname="tests.test_manager_cycle_scope" name="test_member_cycle_visibility_includes_admin_and_own_manager_cycles" time="0.002" /><testcase classname="tests.test_manager_cycle_scope" name="test_api_create_cycle_forces_manager_to_own_cycle" time="0.00
[...]
ave" name="test_backup_persistence_preserves_records_from_stale_process_instances" time="0.082" /><testcase classname="tests.test_saas_integration_fix_wave" name="test_phase_evidence_checker_fails_incomplete_and_passes_complete" time="0.019" /><testcase classname="tests.test_saas_integration_fix_wave" name="test_phase_evidence_checker_rejects_transplanted_bound_values[provisioning-environment_id-env-transplanted]" time="0.011" /><testcase classname="tests.test_saas_integration_fix_wave" name="test_phase_evidence_checker_rejects_transplanted_bound_values[provisioning-customer_id-customer-transplanted]" time="0.012" /><testcase classname="tests.test_saas_integration_fix_wave" name="test_phase_evidence_checker_rejects_transplanted_bound_values[backup-backup_target-dedicated-db-transplanted]" time="0.012" /><testcase classname="tests.test_saas_integration_fix_wave" name="test_phase_evidence_checker_rejects_transplanted_bound_values[release-release_identity-release-transplanted]" time="0.012" /><testcase classname="tests.test_saas_integration_fix_wave" name="test_phase_evidence_checker_rejects_transplanted_bound_values[provisioning-provisioning_identity-provisioning-transplanted]" time="0.014" /><testcase classname="tests.test_saas_integration_fix_wave" name="test_phase_evidence_checker_rejects_transplanted_bound_values[release-measured_rollback_seconds-46]" time="0.013" /><testcase classname="tests.test_saas_integration_fix_wave" name="test_phase_evidence_checker_rejects_transplanted_bound_values[rpo_rto-measured_rpo_seconds-61]" time="0.029" /><testcase classname="tests.test_saas_integration_fix_wave" name="test_phase_evidence_checker_rejects_transplanted_bound_values[rpo_rto-measured_rto_seconds-121]" time="0.013" /><testcase classname="tests.test_saas_integration_fix_wave" name="test_backup_manager_rejects_provider_response_for_different_environment" time="0.002" /><testcase classname="tests.test_saas_integration_fix_wave" name="test_phase_evidence_checker_rejects_forged_attestation_signature" time="0.011" /><testcase classname="tests.test_saas_integration_fix_wave" name="test_phase_evidence_checker_rejects_headings_without_structured_values" time="0.011" /><testcase classname="tests.test_saas_integration_fix_wave" name="test_phase_evidence_checker_rejects_synthetic_attestation_values" time="0.013" /><testcase classname="tests.test_saas_integration_fix_wave" name="test_lifecycle_service_apis_reject_forged_operator_strings" time="0.002" /><testcase classname="tests.test_saas_operator_credentials" name="test_resolves_principal_from_environment_token_and_credential_file" time="0.011" /><testcase classname="tests.test_saas_operator_credentials" name="test_rejects_missing_or_invalid_operator_credential" time="0.013" /><testcase classname="tests.test_saas_operator_credentials" name="test_rejects_unassigned_credential_principal" time="0.012" /><testcase classname="tests.test_saas_provisioning" name="test_repeating_provision_returns_existing_environment" time="0.002" /><testcase classname="tests.test_saas_provisioning" name="test_provider_canonical_database_resource_id_is_persisted" time="0.002" /><testcase classname="tests.test_saas_provisioning" name="test_stale_lock_file_is_reused_without_deletion" time="0.014" /><testcase classname="tests.test_saas_provisioning" name="test_conflicting_identity_is_rejected" time="0.002" /><testcase classname="tests.test_saas_provisioning" name="test_lifecycle_operations_are_idempotent" time="0.002" /><testcase classname="tests.test_saas_provisioning" name="test_unknown_environment_is_rejected" time="0.002" /><testcase classname="tests.test_saas_provisioning" name="test_provider_only_contains_environment_metadata" time="0.002" /><testcase classname="tests.test_saas_provisioning" name="test_provisioning_records_authenticated_lifecycle_audit" time="0.089" /><testcase classname="tests.test_saas_provisioning" name="test_on_premise_manifest_is_not_provisioned" time="0.002" /><testcase classname="tests.test_saas_provisioning" name="test_invalid_initial_state_is_rejected_before_resource_creation" time="0.002" /><testcase classname="tests.test_saas_provisioning" name="test_save_failure_cleans_up_every_resource_and_saves_no_record" time="0.002" /><testcase classname="tests.test_saas_provisioning" name="test_cleanup_failures_do_not_prevent_remaining_cleanup" time="0.001" /><testcase classname="tests.test_saas_provisioning" name="test_manifest_version_or_metadata_change_is_a_conflict" time="0.002" /><testcase classname="tests.test_saas_provisioning" name="test_provision_failure_compensates_resources_without_saving_record" time="0.005" /><testcase classname="tests.test_saas_provisioning" name="test_file_provider_persists_metadata_only" time="0.087" /><testcase classname="tests.test_saas_provisioning" name="test_provider_record_persists_only_opaque_database_resource_id" time="0.055" /><testcase classname="tests.test_saas_provisioning" name="test_provider_rejects_credential_bearing_database_resource" time="0.002" /><testcase classname="tests.test_saas_provisioning" name="test_stale_lock_file_is_recoverable" time="0.010" /><testcase classname="tests.test_saas_provisioning" name="test_held_provisioning_lock_times_out" time="0.051" /><testcase classname="tests.test_saas_provisioning" name="test_cli_lifecycle_works_across_processes" time="1.427" /><testcase classname="tests.test_saas_provisioning" name="test_atomic_state_replacement_failure_preserves_existing_registry" time="0.052" /><testcase classname="tests.test_saas_release_operations" name="test_deploy_registers_immutable_artifact_and_records_health_gated_promotion" time="0.002" /><testcase classname="tests.test_saas_release_operations" name="test_unhealthy_deploy_is_not_promoted_and_records_rollback" time="0.002" /><testcase classname="tests.test_saas_release_operations" name="test_rollback_uses_second_real_artifact_and_health_gates_it" time="0.002" /><testcase classname="tests.test_saas_release_operations" name="test_conflicting_artifact_digest_is_rejected" time="0.002" /><testcase classname="tests.test_saas_release_operations" name="test_mutable_image_refs_are_rejected" time="0.002" /><testcase classname="tests.test_saas_release_operations" name="test_rollback_requires_artifact_registered_for_same_environment" time="0.002" /><testcase classname="tests.test_saas_release_operations" name="test_deployment_records_reload_atomically" time="0.114" /><testcase classname="tests.test_saas_release_operations" name="test_deployment_exception_returns_rollback_result_and_clears_candidate" time="0.007" /><testcase classname="tests.test_saas_release_operations" name="test_health_exception_returns_rollback_result_and_records_error" time="0.007" /><testcase classname="tests.test_saas_release_operations" name="test_compose_runs_the_registered_release_image_mapping" time="0.001" /><testcase classname="tests.test_saas_release_operations" name="test_registered_artifact_produces_exact_compose_environment_mapping" time="0.001" /><testcase classname="tests.test_saas_release_operations" name="test_compose_fallbacks_remain_when_no_release_mapping_is_supplied" time="0.002" /><testcase classname="tests.test_saas_release_operations" name="test_unknown_environment_is_rejected" time="0.007" /><testcase classname="tests.test_saas_release_operations" name="test_release_manager_requires_operator_when_reconciling_control_plane" time="0.022" /><testcase classname="tests.test_saas_release_operations" name="test_failed_release_marks_control_plane_degraded_and_audited" time="0.193" /><testcase classname="tests.test_scoring.TestScoring" name="test_kr_boolean" time="0.002" /><testcase classname="tests.test_scoring.TestScoring" name="test_kr_clamping" time="0.001" /><testcase classname="tests.test_scoring.TestScoring" name="test_kr_directional_decremental" time="0.002" /><testcase classname="tests.test_scoring.TestScoring" name="test_kr_div_zero" time="0.002" /><testcase classname="tests.test_scoring.TestScoring" name="test_kr_numeric_linear" time="0.002" /><testcase classname="tests.test_scoring.TestScoring" name="test_objective_empty_score_list" time="0.002" /><testcase classname="tests.test_scoring.TestScoring" name="test_objective_negative_weights" time="0.002" /><testcase classname="tests.test_scoring.TestScoring" name="test_objective_single_element" time="0.001" /><testcase classname="tests.test_scoring.TestScoring" name="test_objective_unweighted" time="0.002" /><testcase classname="tests.test_scoring.TestScoring" name="test_objective_weighted" time="0.002" /><testcase classname="tests.test_seed_performance_fixture" name="test_seed_requires_explicit_opt_in_before_opening_database" time="0.001" /><testcase classname="tests.test_seed_performance_fixture" name="test_seed_rejects_supabase_api_mode_before_opening_database" time="0.001" /><testcase classname="tests.test_seed_performance_fixture" name="test_seed_requires_password_from_environment" time="0.002" /><testcase classname="tests.test_seed_performance_fixture" name="test_seed_creates_minimal_labeled_graph_without_printing_password" time="1.352" /><testcase classname="tests.test_seed_performance_fixture" name="test_seed_is_additive_on_rerun" time="1.686" /><testcase classname="tests.test_seed_performance_fixture" name="test_seed_refuses_to_repair_legacy_draft_fixture" time="1.424" /><testcase classname="tests.test_serialization_helpers" name="test_shared_snapshot_serializers_normalize_shapes" time="0.002" /><testcase classname="tests.test_serialization_helpers" name="test_shared_snapshot_serializers_handle_missing_values" time="0.002" /><testcase classname="tests.test_signing_key_rotation" name="test_current_key_with_matching_id_accepted" time="0.014" /><testcase classname="tests.test_signing_key_rotation" name="test_missing_key_id_rejected_when_advertised" time="0.012" /><testcase classname="tests.test_signing_key_rotation" name="test_unknown_key_id_rejected" time="0.010" /><testcase classname="tests.test_signing_key_rotation" name="test_previous_secret_accepted_during_overlap" time="0.014" /><testcase classname="tests.test_signing_key_rotation" name="test_previous_key_id_forces_previous_secret_only" time="0.026" /><testcase classname="tests.test_signing_key_rotation" name="test_no_advertised_key_id_preserves_legacy_behavior" time="0.015" /><testcase classname="tests.test_signing_key_rotation" name="test_wrong_secret_rejected_entirely" time="0.013" /><testcase classname="tests.test_slo_probe_contracts" name="test_server_timing_parser_ignores_unsafe_or_malformed_values" time="0.002" /><testcase classname="tests.test_slo_probe_contracts" name="test_read_probe_reports_server_timing_attribution" time="0.002" /><testcase classname="tests.test_slo_probe_contracts" name="test_snapshot_probe_uses_required_context_and_window" time="0.002" /><testcase classname="tests.test_slo_probe_contracts" name="test_read_probe_uses_active_cycle_context" time="0.002" /><testcase classname="tests.test_slo_probe_contracts" name="test_weekly_plan_probe_is_valid_and_reuses_same_week" time="0.002" /><testcase classname="tests.test_slo_probe_contracts" name="test_actor_context_keeps_user_when_no_active_cycle" time="0.002" /><testcase classname="tests.test_slo_probe_contracts" name="test_snapshot_context_requires_an_active_cycle_without_opt_in" time="0.001" /><testcase classname="tests.test_slo_probe_contracts" name="test_snapshot_context_creates_only_explicit_disposable_cycle" time="0.010" /><testcase classname="tests.test_slo_probe_contracts" name="test_snapshot_context_refuses_create_when_any_active_cycle_is_visible" time="0.002" /><testcase classname="tests.test_slo_probe_contracts" name="test_snapshot_context_refuses_disposable_create_for_non_admin_probe" time="0.002" /><testcase classname="tests.test_slo_probe_contracts" name="test_snapshot_fixture_cleanup_deletes_only_created_cycle" time="0.006" /><testcase classname="tests.test_slo_probe_contracts" name="test_job_probe_uses_non_accumulating_pdf_job" time="0.006" /><testcase classname="tests.test_slo_probe_contracts" name="test_login_session_returns_csrf_token_for_mutations" time="0.002" /><testcase classname="tests.test_slo_probe_contracts" name="test_authenticated_post_sends_csrf_header" time="0.015" /><testcase classname="tests.test_slo_probe_contracts" name="test_job_probe_polls_string_job_id" time="0.010" /><testcase classname="tests.test_slo_probe_contracts" name="test_job_probe_skips_intentionally_unsupported_supabase_mode" time="0.007" /><testcase classname="tests.test_spa_bff_deploy_policy" name="test_compose_backend_api_defaults_to_loopback_bind_address" time="0.002" /><testcase classname="tests.test_spa_bff_deploy_policy" name="test_compose_injects_bootstrap_password_into_backend_api" time="0.004" /><testcase classname="tests.test_spa_bff_deploy_policy" name="test_compose_spa_bff_defaults_to_loopback_bind_address" time="0.002" /><testcase classname="tests.test_spa_bff_deploy_policy" name="test_compose_spa_web_defaults_to_loopback_bind_address" time="0.002" /><testcase classname="tests.test_spa_bff_deploy_policy" name="test_nginx_templates_do_not_proxy_public_traffic_to_backend_api" time="0.010" /><testcase classname="tests.test_spa_bff_deploy_policy" name="test_k8s_backend_api_service_remains_internal" time="0.007" /><testcase classname="tests.test_spa_bff_deploy_policy" name="test_k8s_backend_api_deployment_has_no_public_host_exposure" time="0.001" /><testcase classname="tests.test_spa_bff_deploy_policy" name="test_k8s_manifests_do_not_define_ingress_for_backend_api" time="0.005" /><testcase classname="tests.test_spa_web_security_boundaries" name="test_spa_web_source_does_not_reference_backend_service_secret_keys" time="0.045" /><testcase classname="tests.test_spa_web_security_boundaries" name="test_spa_web_compose_env_does_not_include_backend_service_secrets_or_direct_backend_url" time="0.002" /><testcase classname="tests.test_spa_web_security_boundaries" name="test_spa_web_backend_api_route_proxies_browser_requests_to_bff_only" time="0.002" /><testcase classname="tests.test_spa_web_security_boundaries" name="test_spa_web_next_config_does_not_use_backend_rewrite_proxy" time="0.001" /><testcase classname="tests.test_spa_web_security_boundaries" name="test_spa_web_session_route_handlers_exist_and_proxy_to_bff" time="0.002" /><testcase classname="tests.test_supabase_api_mode_auth" name="test_authentication_normalizes_uppercase_supabase_role" time="0.849" /><testcase classname="tests.test_supabase_api_mode_auth" name="test_user_orm_role_mapping_preserves_database_enum_labels" time="0.002" /><testcase classname="tests.test_supabase_api_mode_auth" name="test_admin_actor_resolution_normalizes_uppercase_remote_role" time="0.002" /><testcase classname="tests.test_supabase_api_mode_auth" name="test_create_user_from_crud_uses_supabase_mode_after_api_admin_resolution" time="0.002" /><testcase classname="tests.test_supabase_api_mode_auth" name="test_update_user_from_crud_deactivates_uppercase_supabase_member" time="0.002" /><testcase classname="tests.test_supabase_api_mode_auth" name="test_update_user_from_crud_updates_uppercase_supabase_member" time="0.002" /><testcase classname="tests.test_supabase_api_mode_read" name="test_krs_needing_checkin_batches_latest_checkins" time="0.002" /><testcase classname="tests.test_supabase_api_mode_read" name="test_tasks_by_cycle_uses_one_nested_postgrest_query" time="0.002" /><testcase classname="tests.test_supabase_api_mode_read" name="test_tasks_by_cycle_falls_back_when_nested_relationship_is_unavailable" time="0.002" /><testcase classname="tests.test_supabase_api_mode_read_krs_optimization" name="test_krs_by_cycle_uses_nested_relationship_query" time="0.002" /><testcase classname="tests.test_supabase_api_mode_read_krs_optimization" name="test_krs_by_cycle_falls_back_when_relationship_query_fails" time="0.002" /><testcase classname="tests.test_supabase_read_efficiency" name="test_admin_scope_reuses_single_users_all_fetch" time="0.002" /><testcase classname="tests.test_supabase_read_efficiency" name="test_admin_scope_can_resolve_actor_from_users_all" time="0.002" /><testcase classname="tests.test_supabase_read_efficiency" name="test_http_client_creation_is_serialized_and_reused" time="0.006" /><testcase classname="tests.test_supabase_transport_resilience.TestConcurrencyLimit" name="test_semaphore_limits_in_flight_requests" time="0.160" /><testcase classname="tests.test_supabase_transport_resilience.TestConcurrencyLimit" name="test_semaphore_released_after_failure" time="0.004" /><testcase classname="tests.test_supabase_transport_resilience.TestCircuitBreaker" name="test_opens_after_consecutive_failures" time="0.005" /><testcase classname="tests.test_supabase_transport_resilience.TestCircuitBreaker" name="test_half_open_probe_after_cooldown" time="0.065" /><testcase classname="tests.test_supabase_transport_resilience.TestCircuitBreaker" name="test_success_resets_failure_count" time="0.005" /><testcase classname="tests.test_supabase_transport_resilience.TestShutdownLifecycle" name="test_shutdown_closes_client" time="0.825" /><testcase classname="tests.test_supabase_transport_resilience.TestShutdownLifecycle" name="test_shutdown_is_idempotent" time="0.002" /><testcase classname="tests.test_supabase_transport_resilience.TestShutdownLifecycle" name="test_lifespan_calls_shutdown_on_exit" time="0.004" /><testcase classname="tests.test_timer_service_backend" name="test_timer_service_uses_backend_when_enabled" time="0.004" /><testcase classname="tests.test_timer_service_backend" name="test_timer_service_backend_404_maps_to_none" time="0.002" /><testcase classname="tests.test_timer_service_backend" name="test_timer_service_transient_backend_error_fails_closed_by_default" time="0.002" /><testcase classname="tests.test_timer_start_api_mode" name="test_timer_start_insert_includes_duration_minutes" time="0.002" /><testcase classname="tests.test_timer_start_api_mode" name="test_timer_start_reuses_active_work_log_without_insert" time="0.002" /><testcase classname="tests.test_timer_stop_rounding" name="test_timer_stop_rounds_duration_to_whole_minutes" time="0.002" /><testcase classname="tests.test_timer_stop_rounding" name="test_timer_stop_never_negative" time="0.002" /><testcase classname="tests.test_verify_resilience_script" name="test_smoke_environment_reaches_pytest_without_losing_activation" time="0.009" /><testcase classname="tests.test_verify_resilience_script" name="test_compose_process_environment_is_isolated_from_runner" time="0.011" /><testcase classname="tests.test_verify_resilience_script" name="test_compose_diagnostics_redact_generated_credentials" time="0.002" /><testcase classname="tests.test_verify_resilience_script" name="test_compose_up_failure_collects_diagnostics_and_cleans_up" time="0.025" /><testcase classname="tests.test_verify_secret_hygiene" name="test_verify_secret_hygiene_flags_inline_password" time="0.011" /><testcase classname="tests.test_verify_secret_hygiene" name="test_verify_secret_hygiene_allows_structured_test_password_helper" time="0.010" /><testcase classname="tests.test_verify_secret_hygiene" name="test_verify_secret_hygiene_allows_hashed_password_fixture" time="0.030" /><testcase classname="tests.test_weekly_plan_audit" name="test_create_weekly_plan_emits_create_and_update_audit_events" time="0.860" /><testcase classname="tests.test_worker_observability" name="test_worker_process_sets_job_observability_context" time="0.002" /><testcase classname="tests.test_worker_observability" name="test_worker_process_logs_structured_events" time="0.002" /><testcase classname="tests.test_worker_observability" name="test_worker_process_marks_malformed_payload_terminal" time="0.007" /><testcase classname="tests.test_worker_observability" name="test_worker_process_claim_exception_is_caught" time="0.004" /><testcase classname="tests.test_worker_observability" name="test_worker_process_finalization_failure_marks_failed" time="0.006" /></testsuite></testsuites>