{"total": {"lines":{"total":2334,"covered":1744,"skipped":0,"pct":74.72},"statements":{"total":2444,"covered":1802,"skipped":0,"pct":73.73},"functions":{"total":525,"covered":371,"skipped":0,"pct":70.66},"branches":{"total":2474,"covered":1411,"skipped":0,"pct":57.03},"branchesTrue":{"total":0,"covered":0,"skipped":0,"pct":"Unknown"}}
,"C:\\Faraatar-TID_Apps\\okr\\spa-web\\src\\components\\atlas-shell\\AdminModePanel.tsx": {"lines":{"total":75,"covered":49,"skipped":0,"pct":65.33},"functions":{"total":72,"covered":34,"skipped":0,"pct":47.22},"statements":{"total":94,"covered":53,"skipped":0,"pct":56.38},"branches":{"total":219,"covered":98,"skipped":0,"pct":44.74}}
,"C:\\Faraatar-TID_Apps\\okr\\spa-web\\src\\components\\atlas-shell\\AtlasFocusMapPanel.tsx": {"lines":{"total":11,"covered":0,"skipped":0,"pct":0},"functions":{"total":5,"covered":0,"skipped":0,"pct":0},"statements":{"total":11,"covered":0,"skipped":0,"pct":0},"branches":{"total":17,"covered":0,"skipped":0,"pct":0}}
,"C:\\Faraatar-TID_Apps\\okr\\spa-web\\src\\components\\atlas-shell\\AtlasModeControlsPanel.tsx": {"lines":{"total":73,"covered":52,"skipped":0,"pct":71.23},"functions":{"total":26,"covered":21,"skipped":0,"pct":80.76},"statements":{"total":80,"covered":58,"skipped":0,"pct":72.5},"branches":{"total":65,"covered":48,"skipped":0,"pct":73.84}}
,"C:\\Faraatar-TID_Apps\\okr\\spa-web\\src\\components\\atlas-shell\\DailyModePanel.tsx": {"lines":{"total":8,"covered":8,"skipped":0,"pct":100},"functions":{"total":7,"covered":7,"skipped":0,"pct":100},"statements":{"total":8,"covered":8,"skipped":0,"pct":100},"branches":{"total":36,"covered":27,"skipped":0,"pct":75}}
,"C:\\Faraatar-TID_Apps\\okr\\spa-web\\src\\components\\atlas-shell\\DashboardLeadershipPanel.tsx": {"lines":{"total":4,"covered":4,"skipped":0,"pct":100},"functions":{"total":1,"covered":1,"skipped":0,"pct":100},"statements":{"total":4,"covered":4,"skipped":0,"pct":100},"branches":{"total":64,"covered":47,"skipped":0,"pct":73.43}}
,"C:\\Faraatar-TID_Apps\\okr\\spa-web\\src\\components\\atlas-shell\\InspectorAiAssistPanel.tsx": {"lines":{"total":3,"covered":3,"skipped":0,"pct":100},"functions":{"total":2,"covered":2,"skipped":0,"pct":100},"statements":{"total":3,"covered":3,"skipped":0,"pct":100},"branches":{"total":22,"covered":20,"skipped":0,"pct":90.9}}
,"C:\\Faraatar-TID_Apps\\okr\\spa-web\\src\\components\\atlas-shell\\InspectorAlignmentPanel.tsx": {"lines":{"total":15,"covered":10,"skipped":0,"pct":66.66},"functions":{"total":11,"covered":6,"skipped":0,"pct":54.54},"statements":{"total":15,"covered":10,"skipped":0,"pct":66.66},"branches":{"total":42,"covered":19,"skipped":0,"pct":45.23}}
,"C:\\Faraatar-TID_Apps\\okr\\spa-web\\src\\components\\atlas-shell\\InspectorEditAnalysisPanel.tsx": {"lines":{"total":14,"covered":7,"skipped":0,"pct":50},"functions":{"total":11,"covered":4,"skipped":0,"pct":36.36},"statements":{"total":14,"covered":7,"skipped":0,"pct":50},"branches":{"total":60,"covered":40,"skipped":0,"pct":66.66}}
,"C:\\Faraatar-TID_Apps\\okr\\spa-web\\src\\components\\atlas-shell\\InspectorManageNodesPanel.tsx": {"lines":{"total":11,"covered":5,"skipped":0,"pct":45.45},"functions":{"total":10,"covered":4,"skipped":0,"pct":40},"statements":{"total":11,"covered":5,"skipped":0,"pct":45.45},"branches":{"total":33,"covered":27,"skipped":0,"pct":81.81}}
,"C:\\Faraatar-TID_Apps\\okr\\spa-web\\src\\components\\atlas-shell\\InspectorTaskWorkHistoryPanel.tsx": {"lines":{"total":8,"covered":8,"skipped":0,"pct":100},"functions":{"total":3,"covered":3,"skipped":0,"pct":100},"statements":{"total":8,"covered":8,"skipped":0,"pct":100},"branches":{"total":29,"covered":22,"skipped":0,"pct":75.86}}
,"C:\\Faraatar-TID_Apps\\okr\\spa-web\\src\\components\\atlas-shell\\RetroboxModePanel.tsx": {"lines":{"total":5,"covered":0,"skipped":0,"pct":0},"functions":{"total":4,"covered":0,"skipped":0,"pct":0},"statements":{"total":5,"covered":0,"skipped":0,"pct":0},"branches":{"total":8,"covered":0,"skipped":0,"pct":0}}
,"C:\\Faraatar-TID_Apps\\okr\\spa-web\\src\\components\\atlas-shell\\RitualModePanel.tsx": {"lines":{"total":48,"covered":34,"skipped":0,"pct":70.83},"functions":{"total":45,"covered":26,"skipped":0,"pct":57.77},"statements":{"total":56,"covered":37,"skipped":0,"pct":66.07},"branches":{"total":126,"covered":71,"skipped":0,"pct":56.34}}
,"C:\\Faraatar-TID_Apps\\okr\\spa-web\\src\\components\\atlas-shell\\TimelineModePanel.tsx": {"lines":{"total":12,"covered":12,"skipped":0,"pct":100},"functions":{"total":6,"covered":6,"skipped":0,"pct":100},"statements":{"total":12,"covered":12,"skipped":0,"pct":100},"branches":{"total":24,"covered":15,"skipped":0,"pct":62.5}}
,"C:\\Faraatar-TID_Apps\\okr\\spa-web\\src\\components\\atlas-shell\\WeeklyModePanel.tsx": {"lines":{"total":11,"covered":9,"skipped":0,"pct":81.81},"functions":{"total":13,"covered":9,"skipped":0,"pct":69.23},"statements":{"total":14,"covered":10,"skipped":0,"pct":71.42},"branches":{"total":40,"covered":30,"skipped":0,"pct":75}}
,"C:\\Faraatar-TID_Apps\\okr\\spa-web\\src\\components\\atlas-shell\\inspectorDetails.ts": {"lines":{"total":12,"covered":0,"skipped":0,"pct":0},"functions":{"total":1,"covered":0,"skipped":0,"pct":0},"statements":{"total":12,"covered":0,"skipped":0,"pct":0},"branches":{"total":24,"covered":0,"skipped":0,"pct":0}}
,"C:\\Faraatar-TID_Apps\\okr\\spa-web\\src\\components\\atlas-shell\\jobPolling.ts": {"lines":{"total":20,"covered":0,"skipped":0,"pct":0},"functions":{"total":3,"covered":0,"skipped":0,"pct":0},"statements":{"total":20,"covered":0,"skipped":0,"pct":0},"branches":{"total":14,"covered":0,"skipped":0,"pct":0}}
,"C:\\Faraatar-TID_Apps\\okr\\spa-web\\src\\components\\atlas-shell\\navigation.ts": {"lines":{"total":9,"covered":8,"skipped":0,"pct":88.88},"functions":{"total":6,"covered":5,"skipped":0,"pct":83.33},"statements":{"total":12,"covered":11,"skipped":0,"pct":91.66},"branches":{"total":10,"covered":4,"skipped":0,"pct":40}}
,"C:\\Faraatar-TID_Apps\\okr\\spa-web\\src\\components\\atlas-shell\\nodeMutation.ts": {"lines":{"total":24,"covered":7,"skipped":0,"pct":29.16},"functions":{"total":4,"covered":2,"skipped":0,"pct":50},"statements":{"total":25,"covered":7,"skipped":0,"pct":28},"branches":{"total":22,"covered":4,"skipped":0,"pct":18.18}}
,"C:\\Faraatar-TID_Apps\\okr\\spa-web\\src\\components\\atlas-shell\\shellAnalyticsUtils.ts": {"lines":{"total":167,"covered":155,"skipped":0,"pct":92.81},"functions":{"total":29,"covered":28,"skipped":0,"pct":96.55},"statements":{"total":170,"covered":156,"skipped":0,"pct":91.76},"branches":{"total":227,"covered":148,"skipped":0,"pct":65.19}}
,"C:\\Faraatar-TID_Apps\\okr\\spa-web\\src\\components\\atlas-shell\\shellDateUtils.ts": {"lines":{"total":56,"covered":54,"skipped":0,"pct":96.42},"functions":{"total":14,"covered":13,"skipped":0,"pct":92.85},"statements":{"total":56,"covered":54,"skipped":0,"pct":96.42},"branches":{"total":36,"covered":34,"skipped":0,"pct":94.44}}
,"C:\\Faraatar-TID_Apps\\okr\\spa-web\\src\\components\\atlas-shell\\shellMindmapUtils.ts": {"lines":{"total":53,"covered":51,"skipped":0,"pct":96.22},"functions":{"total":9,"covered":9,"skipped":0,"pct":100},"statements":{"total":53,"covered":51,"skipped":0,"pct":96.22},"branches":{"total":54,"covered":46,"skipped":0,"pct":85.18}}
,"C:\\Faraatar-TID_Apps\\okr\\spa-web\\src\\components\\atlas-shell\\shellUiUtils.ts": {"lines":{"total":50,"covered":49,"skipped":0,"pct":98},"functions":{"total":10,"covered":10,"skipped":0,"pct":100},"statements":{"total":51,"covered":50,"skipped":0,"pct":98.03},"branches":{"total":56,"covered":51,"skipped":0,"pct":91.07}}
,"C:\\Faraatar-TID_Apps\\okr\\spa-web\\src\\components\\atlas-shell\\useAdminActions.ts": {"lines":{"total":212,"covered":91,"skipped":0,"pct":42.92},"functions":{"total":18,"covered":7,"skipped":0,"pct":38.88},"statements":{"total":214,"covered":92,"skipped":0,"pct":42.99},"branches":{"total":179,"covered":53,"skipped":0,"pct":29.6}}
,"C:\\Faraatar-TID_Apps\\okr\\spa-web\\src\\components\\atlas-shell\\useAdminResources.ts": {"lines":{"total":60,"covered":57,"skipped":0,"pct":95},"functions":{"total":9,"covered":9,"skipped":0,"pct":100},"statements":{"total":61,"covered":58,"skipped":0,"pct":95.08},"branches":{"total":20,"covered":8,"skipped":0,"pct":40}}
,"C:\\Faraatar-TID_Apps\\okr\\spa-web\\src\\components\\atlas-shell\\useAiProgressAssist.ts": {"lines":{"total":130,"covered":97,"skipped":0,"pct":74.61},"functions":{"total":15,"covered":13,"skipped":0,"pct":86.66},"statements":{"total":134,"covered":99,"skipped":0,"pct":73.88},"branches":{"total":121,"covered":54,"skipped":0,"pct":44.62}}
,"C:\\Faraatar-TID_Apps\\okr\\spa-web\\src\\components\\atlas-shell\\useAtlasModeData.ts": {"lines":{"total":133,"covered":97,"skipped":0,"pct":72.93},"functions":{"total":11,"covered":5,"skipped":0,"pct":45.45},"statements":{"total":134,"covered":97,"skipped":0,"pct":72.38},"branches":{"total":120,"covered":73,"skipped":0,"pct":60.83}}
,"C:\\Faraatar-TID_Apps\\okr\\spa-web\\src\\components\\atlas-shell\\useAtlasNavigation.ts": {"lines":{"total":16,"covered":16,"skipped":0,"pct":100},"functions":{"total":3,"covered":3,"skipped":0,"pct":100},"statements":{"total":16,"covered":16,"skipped":0,"pct":100},"branches":{"total":4,"covered":2,"skipped":0,"pct":50}}
,"C:\\Faraatar-TID_Apps\\okr\\spa-web\\src\\components\\atlas-shell\\useAuthBootstrap.ts": {"lines":{"total":19,"covered":17,"skipped":0,"pct":89.47},"functions":{"total":4,"covered":4,"skipped":0,"pct":100},"statements":{"total":19,"covered":17,"skipped":0,"pct":89.47},"branches":{"total":6,"covered":3,"skipped":0,"pct":50}}
,"C:\\Faraatar-TID_Apps\\okr\\spa-web\\src\\components\\atlas-shell\\useCyclesSource.ts": {"lines":{"total":19,"covered":0,"skipped":0,"pct":0},"functions":{"total":4,"covered":0,"skipped":0,"pct":0},"statements":{"total":19,"covered":0,"skipped":0,"pct":0},"branches":{"total":2,"covered":0,"skipped":0,"pct":0}}
,"C:\\Faraatar-TID_Apps\\okr\\spa-web\\src\\components\\atlas-shell\\useDeepLinkCycleBootstrap.ts": {"lines":{"total":99,"covered":81,"skipped":0,"pct":81.81},"functions":{"total":19,"covered":17,"skipped":0,"pct":89.47},"statements":{"total":104,"covered":85,"skipped":0,"pct":81.73},"branches":{"total":77,"covered":49,"skipped":0,"pct":63.63}}
,"C:\\Faraatar-TID_Apps\\okr\\spa-web\\src\\components\\atlas-shell\\useInspectorAuxData.ts": {"lines":{"total":128,"covered":98,"skipped":0,"pct":76.56},"functions":{"total":14,"covered":12,"skipped":0,"pct":85.71},"statements":{"total":129,"covered":99,"skipped":0,"pct":76.74},"branches":{"total":91,"covered":45,"skipped":0,"pct":49.45}}
,"C:\\Faraatar-TID_Apps\\okr\\spa-web\\src\\components\\atlas-shell\\useInspectorNodeActions.ts": {"lines":{"total":188,"covered":125,"skipped":0,"pct":66.48},"functions":{"total":12,"covered":11,"skipped":0,"pct":91.66},"statements":{"total":190,"covered":127,"skipped":0,"pct":66.84},"branches":{"total":127,"covered":62,"skipped":0,"pct":48.81}}
,"C:\\Faraatar-TID_Apps\\okr\\spa-web\\src\\components\\atlas-shell\\useLeadershipInsights.ts": {"lines":{"total":76,"covered":65,"skipped":0,"pct":85.52},"functions":{"total":9,"covered":9,"skipped":0,"pct":100},"statements":{"total":78,"covered":67,"skipped":0,"pct":85.89},"branches":{"total":99,"covered":50,"skipped":0,"pct":50.5}}
,"C:\\Faraatar-TID_Apps\\okr\\spa-web\\src\\components\\atlas-shell\\useMindmapData.ts": {"lines":{"total":19,"covered":19,"skipped":0,"pct":100},"functions":{"total":3,"covered":3,"skipped":0,"pct":100},"statements":{"total":19,"covered":19,"skipped":0,"pct":100},"branches":{"total":8,"covered":6,"skipped":0,"pct":75}}
,"C:\\Faraatar-TID_Apps\\okr\\spa-web\\src\\components\\atlas-shell\\useModeActions.ts": {"lines":{"total":42,"covered":38,"skipped":0,"pct":90.47},"functions":{"total":3,"covered":3,"skipped":0,"pct":100},"statements":{"total":42,"covered":38,"skipped":0,"pct":90.47},"branches":{"total":20,"covered":11,"skipped":0,"pct":55}}
,"C:\\Faraatar-TID_Apps\\okr\\spa-web\\src\\components\\atlas-shell\\useModeStateReset.ts": {"lines":{"total":12,"covered":12,"skipped":0,"pct":100},"functions":{"total":4,"covered":4,"skipped":0,"pct":100},"statements":{"total":12,"covered":12,"skipped":0,"pct":100},"branches":{"total":6,"covered":5,"skipped":0,"pct":83.33}}
,"C:\\Faraatar-TID_Apps\\okr\\spa-web\\src\\components\\atlas-shell\\useReportGeneration.ts": {"lines":{"total":117,"covered":101,"skipped":0,"pct":86.32},"functions":{"total":14,"covered":14,"skipped":0,"pct":100},"statements":{"total":123,"covered":104,"skipped":0,"pct":84.55},"branches":{"total":93,"covered":45,"skipped":0,"pct":48.38}}
,"C:\\Faraatar-TID_Apps\\okr\\spa-web\\src\\components\\atlas-shell\\useRitualActions.ts": {"lines":{"total":153,"covered":110,"skipped":0,"pct":71.89},"functions":{"total":53,"covered":33,"skipped":0,"pct":62.26},"statements":{"total":193,"covered":132,"skipped":0,"pct":68.39},"branches":{"total":99,"covered":56,"skipped":0,"pct":56.56}}
,"C:\\Faraatar-TID_Apps\\okr\\spa-web\\src\\components\\atlas-shell\\useSelectionFocusSync.ts": {"lines":{"total":23,"covered":22,"skipped":0,"pct":95.65},"functions":{"total":6,"covered":6,"skipped":0,"pct":100},"statements":{"total":23,"covered":22,"skipped":0,"pct":95.65},"branches":{"total":24,"covered":23,"skipped":0,"pct":95.83}}
,"C:\\Faraatar-TID_Apps\\okr\\spa-web\\src\\components\\atlas-shell\\useShellAccessControl.ts": {"lines":{"total":40,"covered":38,"skipped":0,"pct":95},"functions":{"total":8,"covered":8,"skipped":0,"pct":100},"statements":{"total":40,"covered":38,"skipped":0,"pct":95},"branches":{"total":44,"covered":39,"skipped":0,"pct":88.63}}
,"C:\\Faraatar-TID_Apps\\okr\\spa-web\\src\\components\\atlas-shell\\useSnapshotLifecycle.ts": {"lines":{"total":64,"covered":46,"skipped":0,"pct":71.87},"functions":{"total":12,"covered":9,"skipped":0,"pct":75},"statements":{"total":64,"covered":46,"skipped":0,"pct":71.87},"branches":{"total":44,"covered":28,"skipped":0,"pct":63.63}}
,"C:\\Faraatar-TID_Apps\\okr\\spa-web\\src\\components\\atlas-shell\\useTimerSession.ts": {"lines":{"total":95,"covered":89,"skipped":0,"pct":93.68},"functions":{"total":12,"covered":11,"skipped":0,"pct":91.66},"statements":{"total":96,"covered":90,"skipped":0,"pct":93.75},"branches":{"total":62,"covered":48,"skipped":0,"pct":77.41}}
}
